<?xml version="1.0" encoding="UTF-8"?>
<!-- Generated by org.testng.reporters.JUnitXMLReporter -->
<testsuite hostname="DEVPC13" name="Проверка пополнения баланса" tests="2" failures="0" timestamp="3 Apr 2017 02:22:19 GMT" time="10.179" errors="0">
  <testcase name="@BeforeMethod mayBeLogout" time="0.0" classname="ru.st.selenium.testSuites.paymentTestSuite.PayRandomAmountTest">
    <failure type="java.io.IOException" message="Start audio capture failed">
      <![CDATA[java.io.IOException: Start audio capture failed
	at org.monte.screenrecorder.ScreenRecorder.start(ScreenRecorder.java:514)
	at ru.st.selenium.applogic2.VideoRecord2.startRecording(VideoRecord2.java:16)
	at ru.st.selenium.testSuites.paymentTestSuite.PayRandomAmountTest.mayBeLogout(PayRandomAmountTest.java:15)
	at org.apache.maven.surefire.testng.TestNGExecutor.run(TestNGExecutor.java:178)
	at org.apache.maven.surefire.testng.TestNGXmlTestSuite.execute(TestNGXmlTestSuite.java:92)
	at org.apache.maven.surefire.testng.TestNGProvider.invoke(TestNGProvider.java:96)
	at org.apache.maven.surefire.util.ReflectionUtils.invokeMethodWithArray(ReflectionUtils.java:189)
	at org.apache.maven.surefire.booter.ProviderFactory$ProviderProxy.invoke(ProviderFactory.java:165)
	at org.apache.maven.surefire.booter.ProviderFactory.invokeProvider(ProviderFactory.java:85)
	at org.apache.maven.surefire.booter.ForkedBooter.runSuitesInProcess(ForkedBooter.java:115)
	at org.apache.maven.surefire.booter.ForkedBooter.main(ForkedBooter.java:75)
Caused by: javax.sound.sampled.LineUnavailableException: line with format PCM_SIGNED 48000.0 Hz, 16 bit, stereo, 4 bytes/frame, big-endian not supported.
	at com.sun.media.sound.DirectAudioDevice$DirectDL.implOpen(DirectAudioDevice.java:513)
	at com.sun.media.sound.AbstractDataLine.open(AbstractDataLine.java:121)
	at com.sun.media.sound.AbstractDataLine.open(AbstractDataLine.java:413)
	at org.monte.screenrecorder.ScreenRecorder$AudioGrabber.<init>(ScreenRecorder.java:1009)
	at org.monte.screenrecorder.ScreenRecorder.startAudioCapture(ScreenRecorder.java:928)
	at org.monte.screenrecorder.ScreenRecorder.start(ScreenRecorder.java:512)
	... 37 more
... Removed 27 stack frames]]>
    </failure>
  </testcase> <!-- @BeforeMethod mayBeLogout -->
  <testcase name="@AfterMethod saveScreenshot" time="0.0" classname="ru.st.selenium.testSuites.paymentTestSuite.PayRandomAmountTest">
    <skipped/>
  </testcase> <!-- @AfterMethod saveScreenshot -->
  <testcase name="@AfterMethod stopRecording" time="0.0" classname="ru.st.selenium.testSuites.paymentTestSuite.PayRandomAmountTest">
    <skipped/>
  </testcase> <!-- @AfterMethod stopRecording -->
  <testcase name="@BeforeMethod mayBeLogout" time="0.0" classname="ru.st.selenium.testSuites.paymentTestSuite.PayRandomAmountTest">
    <skipped/>
  </testcase> <!-- @BeforeMethod mayBeLogout -->
  <testcase name="@AfterMethod saveScreenshot" time="0.0" classname="ru.st.selenium.testSuites.paymentTestSuite.PayRandomAmountTest">
    <skipped/>
  </testcase> <!-- @AfterMethod saveScreenshot -->
  <testcase name="@AfterMethod stopRecording" time="0.0" classname="ru.st.selenium.testSuites.paymentTestSuite.PayRandomAmountTest">
    <skipped/>
  </testcase> <!-- @AfterMethod stopRecording -->
  <testcase name="PayRandomAmountAutotester" time="0.0" classname="ru.st.selenium.testSuites.paymentTestSuite.PayRandomAmountTest">
    <skipped/>
  </testcase> <!-- PayRandomAmountAutotester -->
  <testcase name="PayRandomAmountTester2" time="0.0" classname="ru.st.selenium.testSuites.paymentTestSuite.PayRandomAmountTest">
    <skipped/>
  </testcase> <!-- PayRandomAmountTester2 -->
</testsuite> <!-- Проверка пополнения баланса -->
