<?xml version="1.0" encoding="UTF-8"?>
<testng-results skipped="0" failed="3" total="19" passed="16">
  <reporter-output>
    <line>
      <![CDATA[--------Starting "allPagesAreLoadingTest" test---------]]>
    </line>
    <line>
      <![CDATA[Internal page was loaded successfully |||||| ]]>
    </line>
    <line>
      <![CDATA[Clubs page was loaded successfully]]>
    </line>
    <line>
      <![CDATA[Internal page was loaded successfully |||||| ]]>
    </line>
    <line>
      <![CDATA[The game page was loaded successfully]]>
    </line>
    <line>
      <![CDATA[Internal page was loaded successfully |||||| ]]>
    </line>
    <line>
      <![CDATA[News page was loaded successfully]]>
    </line>
    <line>
      <![CDATA[Internal page was loaded successfully |||||| ]]>
    </line>
    <line>
      <![CDATA[Tournaments page was loaded successfully]]>
    </line>
    <line>
      <![CDATA[Internal page was loaded successfully |||||| ]]>
    </line>
    <line>
      <![CDATA[History page was loaded successfully]]>
    </line>
    <line>
      <![CDATA[Gallery button was clicked |||||| ]]>
    </line>
    <line>
      <![CDATA[Internal page was loaded successfully |||||| ]]>
    </line>
    <line>
      <![CDATA[Gallery page was loaded successfully]]>
    </line>
    <line>
      <![CDATA[Shop button was clicked |||||| ]]>
    </line>
    <line>
      <![CDATA[Internal page was loaded successfully |||||| ]]>
    </line>
    <line>
      <![CDATA[Shop page was loaded successfully]]>
    </line>
    <line>
      <![CDATA[Login button was clicked |||||| ]]>
    </line>
    <line>
      <![CDATA[Internal page was loaded successfully |||||| ]]>
    </line>
    <line>
      <![CDATA[Login dialog was loaded]]>
    </line>
    <line>
      <![CDATA[Login dialog was closed]]>
    </line>
    <line>
      <![CDATA[--------Finishing "allPagesAreLoadingTest" test---------]]>
    </line>
    <line>
      <![CDATA[Login button was clicked |||||| ]]>
    </line>
    <line>
      <![CDATA[Internal page was loaded successfully |||||| ]]>
    </line>
    <line>
      <![CDATA[Registration page was loaded successfully]]>
    </line>
    <line>
      <![CDATA[Message after registration is: "You have successfully registered. A link to confirm your registration has been sent to your email address."]]>
    </line>
    <line>
      <![CDATA[Email registration link in email is "http://34.214.90.155/ru/register/verify/token_tJTYLAfcg5HDc9q92BhU"]]>
    </line>
    <line>
      <![CDATA[Login button was clicked |||||| ]]>
    </line>
    <line>
      <![CDATA[Username "isko.antontest@gmail.com" typed to username field]]>
    </line>
    <line>
      <![CDATA[Password "12345678" typed to password field]]>
    </line>
    <line>
      <![CDATA[Submit button clicked]]>
    </line>
    <line>
      <![CDATA[Internal page was loaded successfully |||||| ]]>
    </line>
    <line>
      <![CDATA[Login is successfull]]>
    </line>
    <line>
      <![CDATA[Login button was clicked |||||| ]]>
    </line>
    <line>
      <![CDATA[Internal page was loaded successfully |||||| ]]>
    </line>
    <line>
      <![CDATA[Account page was loaded successfully]]>
    </line>
    <line>
      <![CDATA[Logged in as isko.antontest@gmail.com]]>
    </line>
    <line>
      <![CDATA[Login button was clicked |||||| ]]>
    </line>
    <line>
      <![CDATA[Internal page was loaded successfully |||||| ]]>
    </line>
    <line>
      <![CDATA[Logout successful]]>
    </line>
    <line>
      <![CDATA[--------Starting "accountEntryWithExistingUser" test---------]]>
    </line>
    <line>
      <![CDATA[Login button was clicked |||||| ]]>
    </line>
    <line>
      <![CDATA[Username "isko.antontest@gmail.com" typed to username field]]>
    </line>
    <line>
      <![CDATA[Password "12345678" typed to password field]]>
    </line>
    <line>
      <![CDATA[Submit button clicked]]>
    </line>
    <line>
      <![CDATA[Internal page was loaded successfully |||||| ]]>
    </line>
    <line>
      <![CDATA[Login is successfull]]>
    </line>
    <line>
      <![CDATA[Login button was clicked |||||| ]]>
    </line>
    <line>
      <![CDATA[Internal page was loaded successfully |||||| ]]>
    </line>
    <line>
      <![CDATA[Account page was loaded successfully]]>
    </line>
    <line>
      <![CDATA[Logged in as isko.antontest@gmail.com]]>
    </line>
    <line>
      <![CDATA[Login button was clicked |||||| ]]>
    </line>
    <line>
      <![CDATA[Internal page was loaded successfully |||||| ]]>
    </line>
    <line>
      <![CDATA[Logout successful]]>
    </line>
    <line>
      <![CDATA[--------Finishing "accountEntryWithExistingUser" test---------]]>
    </line>
    <line>
      <![CDATA[--------Starting "accountEntryWithNotExistingUser" test---------]]>
    </line>
    <line>
      <![CDATA[Login button was clicked |||||| ]]>
    </line>
    <line>
      <![CDATA[Username "NotExistingUser@gmail.com" typed to username field]]>
    </line>
    <line>
      <![CDATA[Password "007mafia007" typed to password field]]>
    </line>
    <line>
      <![CDATA[Submit button clicked]]>
    </line>
    <line>
      <![CDATA[Internal page was loaded successfully |||||| ]]>
    </line>
    <line>
      <![CDATA[Login is successfull]]>
    </line>
    <line>
      <![CDATA[Internal page was loaded successfully |||||| ]]>
    </line>
    <line>
      <![CDATA[Login dialog was loaded]]>
    </line>
    <line>
      <![CDATA[Login dialog was closed]]>
    </line>
    <line>
      <![CDATA[--------Finishing "accountEntryWithNotExistingUser" test---------]]>
    </line>
    <line>
      <![CDATA[--------Starting "forgotPasswordOfExistingUser" test---------]]>
    </line>
    <line>
      <![CDATA[Login button was clicked |||||| ]]>
    </line>
    <line>
      <![CDATA[forgot password button was clicked]]>
    </line>
    <line>
      <![CDATA[Username "isko.antontest@gmail.com" typed to username field]]>
    </line>
    <line>
      <![CDATA[Send password button was pressed]]>
    </line>
    <line>
      <![CDATA[Internal page was loaded successfully |||||| ]]>
    </line>
    <line>
      <![CDATA[Login dialog was loaded]]>
    </line>
    <line>
      <![CDATA[Login dialog was closed]]>
    </line>
    <line>
      <![CDATA[Email restore password link in email is "http://34.214.90.155/password/reset/b1dc7f4ed338117e0de1f51f879db3e1ac5d9675743d35b27f69ab3e159c0c43"]]>
    </line>
    <line>
      <![CDATA[Email isko.antontest@gmail.com was typed to email field]]>
    </line>
    <line>
      <![CDATA[Password 123456789 was typed to password field]]>
    </line>
    <line>
      <![CDATA[Password 123456789 was typed to password confirmation field]]>
    </line>
    <line>
      <![CDATA[Submit button was pressed on Reset Password Page]]>
    </line>
    <line>
      <![CDATA[Login button was clicked |||||| ]]>
    </line>
    <line>
      <![CDATA[<p><br><br>Bug in test "ForgotPasswordTest"<br><img width="1024" src = file:///C:\mafPortalAutomation\target\surefire-reports\FailedTestsScreenshots\06.01.2018_16-35-14\ForgotPasswordTest.jpg> </p></a><br/>]]>
    </line>
    <line>
      <![CDATA[--------Starting "forgotPasswordOfNotExistingUser" test---------]]>
    </line>
    <line>
      <![CDATA[Login button was clicked |||||| ]]>
    </line>
    <line>
      <![CDATA[<p><br><br>Bug in test "ForgotPasswordTest"<br><img width="1024" src = file:///C:\mafPortalAutomation\target\surefire-reports\FailedTestsScreenshots\06.01.2018_16-35-37\ForgotPasswordTest.jpg> </p></a><br/>]]>
    </line>
    <line>
      <![CDATA[--------Starting "buyItemTest" test---------]]>
    </line>
    <line>
      <![CDATA[Login button was clicked |||||| ]]>
    </line>
    <line>
      <![CDATA[Username "isko.antontest@gmail.com" typed to username field]]>
    </line>
    <line>
      <![CDATA[Password "123456789" typed to password field]]>
    </line>
    <line>
      <![CDATA[Submit button clicked]]>
    </line>
    <line>
      <![CDATA[Internal page was loaded successfully |||||| ]]>
    </line>
    <line>
      <![CDATA[Login is successfull]]>
    </line>
    <line>
      <![CDATA[Shop button was clicked |||||| ]]>
    </line>
    <line>
      <![CDATA[Buy button was clicked]]>
    </line>
    <line>
      <![CDATA[Item "Product 2" was bought]]>
    </line>
    <line>
      <![CDATA["Continue shopping" button was clicked]]>
    </line>
    <line>
      <![CDATA[Shop button was clicked |||||| ]]>
    </line>
    <line>
      <![CDATA[Buy button was clicked]]>
    </line>
    <line>
      <![CDATA[Item "Product 1" was bought]]>
    </line>
    <line>
      <![CDATA["Continue shopping" button was clicked]]>
    </line>
    <line>
      <![CDATA[Login button was clicked |||||| ]]>
    </line>
    <line>
      <![CDATA[Cart button was clicked |||||| ]]>
    </line>
    <line>
      <![CDATA[Item Product 2 exist in the cart]]>
    </line>
    <line>
      <![CDATA[Login button was clicked |||||| ]]>
    </line>
    <line>
      <![CDATA[Cart button was clicked |||||| ]]>
    </line>
    <line>
      <![CDATA[Item Product 1 exist in the cart]]>
    </line>
    <line>
      <![CDATA[Login button was clicked |||||| ]]>
    </line>
    <line>
      <![CDATA[Cart button was clicked |||||| ]]>
    </line>
    <line>
      <![CDATA[Item Product 2 was removed from the cart]]>
    </line>
    <line>
      <![CDATA[Login button was clicked |||||| ]]>
    </line>
    <line>
      <![CDATA[Cart button was clicked |||||| ]]>
    </line>
    <line>
      <![CDATA[Item Product 1 was removed from the cart]]>
    </line>
    <line>
      <![CDATA[Login button was clicked |||||| ]]>
    </line>
    <line>
      <![CDATA[Internal page was loaded successfully |||||| ]]>
    </line>
    <line>
      <![CDATA[Logout successful]]>
    </line>
    <line>
      <![CDATA[--------Finishing "buyItemTest" test---------]]>
    </line>
    <line>
      <![CDATA["mafia@mafia.com" was typed to email field]]>
    </line>
    <line>
      <![CDATA["123456" was typed to password field]]>
    </line>
    <line>
      <![CDATA[Login button was clicked]]>
    </line>
    <line>
      <![CDATA[Tab Users, Roles, Permissions was clicked]]>
    </line>
    <line>
      <![CDATA[Tab Users was clicked]]>
    </line>
    <line>
      <![CDATA[Admin Users page was loaded successfully]]>
    </line>
    <line>
      <![CDATA[Text isko.antontest@gmail.com was typed to the search field]]>
    </line>
    <line>
      <![CDATA[Alert about deleting was accepted]]>
    </line>
    <line>
      <![CDATA[User isko.antontest@gmail.com deleted]]>
    </line>
    <line>
      <![CDATA["" was typed to email field]]>
    </line>
    <line>
      <![CDATA["" was typed to password field]]>
    </line>
    <line>
      <![CDATA[Login button was clicked]]>
    </line>
    <line>
      <![CDATA[The messagein email field is The email field is required.]]>
    </line>
    <line>
      <![CDATA[The message in password field is The password field is required.]]>
    </line>
    <line>
      <![CDATA[--------Finishing "adminAccountEntryWithBlankUser" test---------]]>
    </line>
    <line>
      <![CDATA["mafia@mafia.com" was typed to email field]]>
    </line>
    <line>
      <![CDATA["123456" was typed to password field]]>
    </line>
    <line>
      <![CDATA[Login button was clicked]]>
    </line>
    <line>
      <![CDATA[Trying to click logout button]]>
    </line>
    <line>
      <![CDATA[Logout button was clicked]]>
    </line>
    <line>
      <![CDATA[AdminLoginPage page was loaded successfully]]>
    </line>
    <line>
      <![CDATA["wrongemail@mail.ru" was typed to email field]]>
    </line>
    <line>
      <![CDATA["wrongPassword" was typed to password field]]>
    </line>
    <line>
      <![CDATA[Login button was clicked]]>
    </line>
    <line>
      <![CDATA[The messagein email field is Неверное имя пользователя или пароль.]]>
    </line>
    <line>
      <![CDATA[--------Finishing "adminAccountEntryWithNotExistingUser" test---------]]>
    </line>
    <line>
      <![CDATA[--------Starting "addNewMenuItem" test---------]]>
    </line>
    <line>
      <![CDATA["mafia@mafia.com" was typed to email field]]>
    </line>
    <line>
      <![CDATA["123456" was typed to password field]]>
    </line>
    <line>
      <![CDATA[Login button was clicked]]>
    </line>
    <line>
      <![CDATA[Tab Menu was clicked]]>
    </line>
    <line>
      <![CDATA[Add item was clicked on AdminMenuPage]]>
    </line>
    <line>
      <![CDATA[Trying to click submit button]]>
    </line>
    <line>
      <![CDATA[Submit button was clicked]]>
    </line>
    <line>
      <![CDATA[Tab Menu was clicked]]>
    </line>
    <line>
      <![CDATA[Item Тест меню has been deleted]]>
    </line>
    <line>
      <![CDATA[--------Finishing "addNewMenuItem" test---------]]>
    </line>
    <line>
      <![CDATA["mafia@mafia.com" was typed to email field]]>
    </line>
    <line>
      <![CDATA["123456" was typed to password field]]>
    </line>
    <line>
      <![CDATA[Login button was clicked]]>
    </line>
    <line>
      <![CDATA[Tab News was clicked]]>
    </line>
    <line>
      <![CDATA[Add item was clicked on AdminNewsPage]]>
    </line>
    <line>
      <![CDATA[Trying to click submit button]]>
    </line>
    <line>
      <![CDATA[Submit button was clicked]]>
    </line>
    <line>
      <![CDATA[Tab News was clicked]]>
    </line>
    <line>
      <![CDATA[Item TestRusTitle has been deleted]]>
    </line>
    <line>
      <![CDATA[--------Finishing "addNewNewsItem" test---------]]>
    </line>
    <line>
      <![CDATA["mafia@mafia.com" was typed to email field]]>
    </line>
    <line>
      <![CDATA["123456" was typed to password field]]>
    </line>
    <line>
      <![CDATA[Login button was clicked]]>
    </line>
    <line>
      <![CDATA[Tab Pages was clicked]]>
    </line>
    <line>
      <![CDATA[Add item was clicked on AdminPagesPage]]>
    </line>
    <line>
      <![CDATA[Page name field filled with 'TestPageName']]>
    </line>
    <line>
      <![CDATA[Title field filled with 'TestPageTilte']]>
    </line>
    <line>
      <![CDATA[Slug field filled with '']]>
    </line>
    <line>
      <![CDATA[Metatitle field filled with 'TestPageMetaTitle']]>
    </line>
    <line>
      <![CDATA[Social Metatitle field filled with 'TestPageSocialTitle']]>
    </line>
    <line>
      <![CDATA[Meta description field filled with 'TestPageMetaDescriptiom']]>
    </line>
    <line>
      <![CDATA[Social meta description field filled with 'TestPageSocialMetaDescription']]>
    </line>
    <line>
      <![CDATA[Metakeywords field filled with 'TestPageMetaKeywords']]>
    </line>
    <line>
      <![CDATA[Rus tab has been clicked]]>
    </line>
    <line>
      <![CDATA[Rus title field filled with 'TestPageRusPageTitle']]>
    </line>
    <line>
      <![CDATA[Rus meta title field filled with 'TestPageRusMetaTitle']]>
    </line>
    <line>
      <![CDATA[Rus social meta title field filled with 'TestPageRusSocialMetaTitle']]>
    </line>
    <line>
      <![CDATA[Rus meta description field filled with 'TestPageRusMetaDescription']]>
    </line>
    <line>
      <![CDATA[Rus social meta description field filled with 'TestPageRusSocialMetaDescription']]>
    </line>
    <line>
      <![CDATA[Rus meta keywords field filled with 'TestPageRusMetaKeywords']]>
    </line>
    <line>
      <![CDATA[Trying to click submit button]]>
    </line>
    <line>
      <![CDATA[Submit button was clicked]]>
    </line>
    <line>
      <![CDATA[Button 'Open' was clicked for page TestPageName]]>
    </line>
    <line>
      <![CDATA[Tab Pages was clicked]]>
    </line>
    <line>
      <![CDATA[Item TestPageName has been deleted]]>
    </line>
    <line>
      <![CDATA[--------Finishing "addNewPageItem" test---------]]>
    </line>
    <line>
      <![CDATA["mafia@mafia.com" was typed to email field]]>
    </line>
    <line>
      <![CDATA["123456" was typed to password field]]>
    </line>
    <line>
      <![CDATA[Login button was clicked]]>
    </line>
    <line>
      <![CDATA[Tab Tournaments was clicked]]>
    </line>
    <line>
      <![CDATA[Add item was clicked on AdminTournamentsPage]]>
    </line>
    <line>
      <![CDATA[File C:\mafPortalAutomation\src\main\resources\uploads\test.png was added]]>
    </line>
    <line>
      <![CDATA[Trying to click submit button]]>
    </line>
    <line>
      <![CDATA[Submit button was clicked]]>
    </line>
    <line>
      <![CDATA[Tab Tournaments was clicked]]>
    </line>
    <line>
      <![CDATA[Item TestTournamentRusPageTitle has been deleted]]>
    </line>
    <line>
      <![CDATA[--------Finishing "addNewNewsItem" test---------]]>
    </line>
    <line>
      <![CDATA["mafia@mafia.com" was typed to email field]]>
    </line>
    <line>
      <![CDATA["123456" was typed to password field]]>
    </line>
    <line>
      <![CDATA[Login button was clicked]]>
    </line>
    <line>
      <![CDATA[Tab Shop was clicked]]>
    </line>
    <line>
      <![CDATA[Tab Products was clicked]]>
    </line>
    <line>
      <![CDATA[Add item was clicked on AdminProductsPage]]>
    </line>
    <line>
      <![CDATA[Trying to click submit button]]>
    </line>
    <line>
      <![CDATA[Submit button was clicked]]>
    </line>
    <line>
      <![CDATA[Tab Shop was clicked]]>
    </line>
    <line>
      <![CDATA[Tab Products was clicked]]>
    </line>
    <line>
      <![CDATA[Item TestProductTitle has been deleted]]>
    </line>
    <line>
      <![CDATA[--------Finishing "addNewNewsItem" test---------]]>
    </line>
    <line>
      <![CDATA["mafia@mafia.com" was typed to email field]]>
    </line>
    <line>
      <![CDATA["123456" was typed to password field]]>
    </line>
    <line>
      <![CDATA[Login button was clicked]]>
    </line>
    <line>
      <![CDATA[Tab Gallery was clicked]]>
    </line>
    <line>
      <![CDATA[Tab Photo was clicked]]>
    </line>
    <line>
      <![CDATA[Add item was clicked on AdminPhotoPage]]>
    </line>
    <line>
      <![CDATA[Title field filled with 'TestPhotoGalleryTitle']]>
    </line>
    <line>
      <![CDATA[Rus title field filled with 'Фото галерея тестовое название']]>
    </line>
    <line>
      <![CDATA[Slug field filled with '']]>
    </line>
    <line>
      <![CDATA[Club 'Los Angeles' in select field was chosen]]>
    </line>
    <line>
      <![CDATA[Tournament '15-й Чемпионат Мира в Ереване' in select field was chosen]]>
    </line>
    <line>
      <![CDATA[Trying to click submit button]]>
    </line>
    <line>
      <![CDATA[Submit button was clicked]]>
    </line>
    <line>
      <![CDATA[Tab Gallery was clicked]]>
    </line>
    <line>
      <![CDATA[Tab Photo was clicked]]>
    </line>
    <line>
      <![CDATA[Item Фото галерея тестовое название has been deleted]]>
    </line>
    <line>
      <![CDATA[--------Finishing "addNewPhotoGallery" test---------]]>
    </line>
    <line>
      <![CDATA["mafia@mafia.com" was typed to email field]]>
    </line>
    <line>
      <![CDATA["123456" was typed to password field]]>
    </line>
    <line>
      <![CDATA[Login button was clicked]]>
    </line>
    <line>
      <![CDATA[Tab Gallery was clicked]]>
    </line>
    <line>
      <![CDATA[Tab Video was clicked]]>
    </line>
    <line>
      <![CDATA[Add item was clicked on AdminVideoGalleryPage]]>
    </line>
    <line>
      <![CDATA[Title field filled with 'TestVideoGalleryTitle']]>
    </line>
    <line>
      <![CDATA[Rus title field filled with 'Видео галерея тестовое название']]>
    </line>
    <line>
      <![CDATA[Club 'Los Angeles' in select field was chosen]]>
    </line>
    <line>
      <![CDATA[Tournament '15-й Чемпионат Мира в Ереване' in select field was chosen]]>
    </line>
    <line>
      <![CDATA[Trying to click submit button]]>
    </line>
    <line>
      <![CDATA[Submit button was clicked]]>
    </line>
    <line>
      <![CDATA[<p><br><br>Bug in test "AddNewVideoGallery"<br><img width="1024" src = file:///C:\mafPortalAutomation\target\surefire-reports\FailedTestsScreenshots\06.01.2018_16-46-49\AddNewVideoGallery.jpg> </p></a><br/>]]>
    </line>
    <line>
      <![CDATA["mafia@mafia.com" was typed to email field]]>
    </line>
    <line>
      <![CDATA["123456" was typed to password field]]>
    </line>
    <line>
      <![CDATA[Login button was clicked]]>
    </line>
    <line>
      <![CDATA[Tab Gallery was clicked]]>
    </line>
    <line>
      <![CDATA[Tab Photo was clicked]]>
    </line>
    <line>
      <![CDATA[Add item was clicked on AdminPhotoPage]]>
    </line>
    <line>
      <![CDATA[File C:\mafPortalAutomation\src\main\resources\uploads\test.png was added]]>
    </line>
    <line>
      <![CDATA[File was added succsessfully]]>
    </line>
    <line>
      <![CDATA[--------Finishing "adminAccountEntryWithExistingUser" test---------]]>
    </line>
  </reporter-output>
  <suite name="FrontEnd test suite" duration-ms="1013386" started-at="2018-01-07T00:30:39Z" finished-at="2018-01-07T00:47:32Z">
    <groups>
    </groups>
    <test name="All pages are loading test" duration-ms="41615" started-at="2018-01-07T00:30:39Z" finished-at="2018-01-07T00:31:21Z">
      <class name="ru.st.selenium.testSuites.frontEndTestSuite.AllPagesAreLoadingTest">
        <test-method status="PASS" signature="init()[pri:0, instance:ru.st.selenium.testSuites.frontEndTestSuite.AllPagesAreLoadingTest@2758fe70]" name="init" is-config="true" duration-ms="18910" started-at="2018-01-06T16:30:39Z" finished-at="2018-01-06T16:30:58Z">
          <reporter-output>
          </reporter-output>
        </test-method> <!-- init -->
        <test-method status="PASS" signature="allPagesAreLoadingTest()[pri:0, instance:ru.st.selenium.testSuites.frontEndTestSuite.AllPagesAreLoadingTest@2758fe70]" name="allPagesAreLoadingTest" duration-ms="21046" started-at="2018-01-06T16:30:58Z" finished-at="2018-01-06T16:31:19Z">
          <reporter-output>
            <line>
              <![CDATA[--------Starting "allPagesAreLoadingTest" test---------]]>
            </line>
            <line>
              <![CDATA[Internal page was loaded successfully |||||| ]]>
            </line>
            <line>
              <![CDATA[Clubs page was loaded successfully]]>
            </line>
            <line>
              <![CDATA[Internal page was loaded successfully |||||| ]]>
            </line>
            <line>
              <![CDATA[The game page was loaded successfully]]>
            </line>
            <line>
              <![CDATA[Internal page was loaded successfully |||||| ]]>
            </line>
            <line>
              <![CDATA[News page was loaded successfully]]>
            </line>
            <line>
              <![CDATA[Internal page was loaded successfully |||||| ]]>
            </line>
            <line>
              <![CDATA[Tournaments page was loaded successfully]]>
            </line>
            <line>
              <![CDATA[Internal page was loaded successfully |||||| ]]>
            </line>
            <line>
              <![CDATA[History page was loaded successfully]]>
            </line>
            <line>
              <![CDATA[Gallery button was clicked |||||| ]]>
            </line>
            <line>
              <![CDATA[Internal page was loaded successfully |||||| ]]>
            </line>
            <line>
              <![CDATA[Gallery page was loaded successfully]]>
            </line>
            <line>
              <![CDATA[Shop button was clicked |||||| ]]>
            </line>
            <line>
              <![CDATA[Internal page was loaded successfully |||||| ]]>
            </line>
            <line>
              <![CDATA[Shop page was loaded successfully]]>
            </line>
            <line>
              <![CDATA[Login button was clicked |||||| ]]>
            </line>
            <line>
              <![CDATA[Internal page was loaded successfully |||||| ]]>
            </line>
            <line>
              <![CDATA[Login dialog was loaded]]>
            </line>
            <line>
              <![CDATA[Login dialog was closed]]>
            </line>
            <line>
              <![CDATA[--------Finishing "allPagesAreLoadingTest" test---------]]>
            </line>
          </reporter-output>
        </test-method> <!-- allPagesAreLoadingTest -->
        <test-method status="PASS" signature="saveScreenshot(org.testng.ITestResult)[pri:0, instance:ru.st.selenium.testSuites.frontEndTestSuite.AllPagesAreLoadingTest@2758fe70]" name="saveScreenshot" is-config="true" duration-ms="2" started-at="2018-01-06T16:31:19Z" finished-at="2018-01-06T16:31:19Z">
          <params>
            <param index="0">
              <value>
                <![CDATA[[TestResult name=allPagesAreLoadingTest status=SUCCESS method=AllPagesAreLoadingTest.allPagesAreLoadingTest()[pri:0, instance:ru.st.selenium.testSuites.frontEndTestSuite.AllPagesAreLoadingTest@2758fe70] output=--------Starting "allPagesAreLoadingTest" test---------]]]>
              </value>
            </param>
          </params>
          <reporter-output>
          </reporter-output>
        </test-method> <!-- saveScreenshot -->
        <test-method status="PASS" signature="stop()[pri:0, instance:ru.st.selenium.testSuites.frontEndTestSuite.AllPagesAreLoadingTest@2758fe70]" name="stop" is-config="true" duration-ms="1643" started-at="2018-01-06T16:31:19Z" finished-at="2018-01-06T16:31:21Z">
          <reporter-output>
          </reporter-output>
        </test-method> <!-- stop -->
      </class> <!-- ru.st.selenium.testSuites.frontEndTestSuite.AllPagesAreLoadingTest -->
    </test> <!-- All pages are loading test -->
    <test name="New user registration tests" duration-ms="72115" started-at="2018-01-07T00:31:21Z" finished-at="2018-01-07T00:32:33Z">
      <class name="ru.st.selenium.testSuites.frontEndTestSuite.NewUserRegistration">
        <test-method status="PASS" signature="init()[pri:0, instance:ru.st.selenium.testSuites.frontEndTestSuite.NewUserRegistration@4f063c0a]" name="init" is-config="true" duration-ms="11044" started-at="2018-01-06T16:31:21Z" finished-at="2018-01-06T16:31:32Z">
          <reporter-output>
          </reporter-output>
        </test-method> <!-- init -->
        <test-method status="PASS" signature="registrationOfNewUserTest()[pri:0, instance:ru.st.selenium.testSuites.frontEndTestSuite.NewUserRegistration@4f063c0a]" name="registrationOfNewUserTest" duration-ms="59320" started-at="2018-01-06T16:31:32Z" finished-at="2018-01-06T16:32:31Z">
          <reporter-output>
            <line>
              <![CDATA[Login button was clicked |||||| ]]>
            </line>
            <line>
              <![CDATA[Internal page was loaded successfully |||||| ]]>
            </line>
            <line>
              <![CDATA[Registration page was loaded successfully]]>
            </line>
            <line>
              <![CDATA[Message after registration is: "You have successfully registered. A link to confirm your registration has been sent to your email address."]]>
            </line>
            <line>
              <![CDATA[Email registration link in email is "http://34.214.90.155/ru/register/verify/token_tJTYLAfcg5HDc9q92BhU"]]>
            </line>
            <line>
              <![CDATA[Login button was clicked |||||| ]]>
            </line>
            <line>
              <![CDATA[Username "isko.antontest@gmail.com" typed to username field]]>
            </line>
            <line>
              <![CDATA[Password "12345678" typed to password field]]>
            </line>
            <line>
              <![CDATA[Submit button clicked]]>
            </line>
            <line>
              <![CDATA[Internal page was loaded successfully |||||| ]]>
            </line>
            <line>
              <![CDATA[Login is successfull]]>
            </line>
            <line>
              <![CDATA[Login button was clicked |||||| ]]>
            </line>
            <line>
              <![CDATA[Internal page was loaded successfully |||||| ]]>
            </line>
            <line>
              <![CDATA[Account page was loaded successfully]]>
            </line>
            <line>
              <![CDATA[Logged in as isko.antontest@gmail.com]]>
            </line>
            <line>
              <![CDATA[Login button was clicked |||||| ]]>
            </line>
            <line>
              <![CDATA[Internal page was loaded successfully |||||| ]]>
            </line>
            <line>
              <![CDATA[Logout successful]]>
            </line>
          </reporter-output>
        </test-method> <!-- registrationOfNewUserTest -->
        <test-method status="PASS" signature="stop()[pri:0, instance:ru.st.selenium.testSuites.frontEndTestSuite.NewUserRegistration@4f063c0a]" name="stop" is-config="true" duration-ms="1750" started-at="2018-01-06T16:32:31Z" finished-at="2018-01-06T16:32:33Z">
          <reporter-output>
          </reporter-output>
        </test-method> <!-- stop -->
        <test-method status="PASS" signature="saveScreenshot(org.testng.ITestResult)[pri:0, instance:ru.st.selenium.testSuites.frontEndTestSuite.NewUserRegistration@4f063c0a]" name="saveScreenshot" is-config="true" duration-ms="0" started-at="2018-01-06T16:32:31Z" finished-at="2018-01-06T16:32:31Z">
          <params>
            <param index="0">
              <value>
                <![CDATA[[TestResult name=registrationOfNewUserTest status=SUCCESS method=NewUserRegistration.registrationOfNewUserTest()[pri:0, instance:ru.st.selenium.testSuites.frontEndTestSuite.NewUserRegistration@4f063c0a] output=Login button was clicked |||||| ]]]>
              </value>
            </param>
          </params>
          <reporter-output>
          </reporter-output>
        </test-method> <!-- saveScreenshot -->
      </class> <!-- ru.st.selenium.testSuites.frontEndTestSuite.NewUserRegistration -->
    </test> <!-- New user registration tests -->
    <test name="Login to account" duration-ms="85663" started-at="2018-01-07T00:32:33Z" finished-at="2018-01-07T00:33:59Z">
      <class name="ru.st.selenium.testSuites.frontEndTestSuite.AccountEntryTest">
        <test-method status="PASS" signature="init()[pri:0, instance:ru.st.selenium.testSuites.frontEndTestSuite.AccountEntryTest@131276c2]" name="init" is-config="true" duration-ms="12565" started-at="2018-01-06T16:32:33Z" finished-at="2018-01-06T16:32:45Z">
          <reporter-output>
          </reporter-output>
        </test-method> <!-- init -->
        <test-method status="PASS" signature="accountEntryWithExistingUser()[pri:0, instance:ru.st.selenium.testSuites.frontEndTestSuite.AccountEntryTest@131276c2]" name="accountEntryWithExistingUser" duration-ms="63916" started-at="2018-01-06T16:32:45Z" finished-at="2018-01-06T16:33:49Z">
          <reporter-output>
            <line>
              <![CDATA[--------Starting "accountEntryWithExistingUser" test---------]]>
            </line>
            <line>
              <![CDATA[Login button was clicked |||||| ]]>
            </line>
            <line>
              <![CDATA[Username "isko.antontest@gmail.com" typed to username field]]>
            </line>
            <line>
              <![CDATA[Password "12345678" typed to password field]]>
            </line>
            <line>
              <![CDATA[Submit button clicked]]>
            </line>
            <line>
              <![CDATA[Internal page was loaded successfully |||||| ]]>
            </line>
            <line>
              <![CDATA[Login is successfull]]>
            </line>
            <line>
              <![CDATA[Login button was clicked |||||| ]]>
            </line>
            <line>
              <![CDATA[Internal page was loaded successfully |||||| ]]>
            </line>
            <line>
              <![CDATA[Account page was loaded successfully]]>
            </line>
            <line>
              <![CDATA[Logged in as isko.antontest@gmail.com]]>
            </line>
            <line>
              <![CDATA[Login button was clicked |||||| ]]>
            </line>
            <line>
              <![CDATA[Internal page was loaded successfully |||||| ]]>
            </line>
            <line>
              <![CDATA[Logout successful]]>
            </line>
            <line>
              <![CDATA[--------Finishing "accountEntryWithExistingUser" test---------]]>
            </line>
          </reporter-output>
        </test-method> <!-- accountEntryWithExistingUser -->
        <test-method status="PASS" signature="saveScreenshot(org.testng.ITestResult)[pri:0, instance:ru.st.selenium.testSuites.frontEndTestSuite.AccountEntryTest@131276c2]" name="saveScreenshot" is-config="true" duration-ms="1" started-at="2018-01-06T16:33:49Z" finished-at="2018-01-06T16:33:49Z">
          <params>
            <param index="0">
              <value>
                <![CDATA[[TestResult name=accountEntryWithExistingUser status=SUCCESS method=AccountEntryTest.accountEntryWithExistingUser()[pri:0, instance:ru.st.selenium.testSuites.frontEndTestSuite.AccountEntryTest@131276c2] output=--------Starting "accountEntryWithExistingUser" test---------]]]>
              </value>
            </param>
          </params>
          <reporter-output>
          </reporter-output>
        </test-method> <!-- saveScreenshot -->
        <test-method status="PASS" signature="accountEntryWithNotExistingUser()[pri:0, instance:ru.st.selenium.testSuites.frontEndTestSuite.AccountEntryTest@131276c2]" name="accountEntryWithNotExistingUser" duration-ms="7670" started-at="2018-01-06T16:33:49Z" finished-at="2018-01-06T16:33:57Z">
          <reporter-output>
            <line>
              <![CDATA[--------Starting "accountEntryWithNotExistingUser" test---------]]>
            </line>
            <line>
              <![CDATA[Login button was clicked |||||| ]]>
            </line>
            <line>
              <![CDATA[Username "NotExistingUser@gmail.com" typed to username field]]>
            </line>
            <line>
              <![CDATA[Password "007mafia007" typed to password field]]>
            </line>
            <line>
              <![CDATA[Submit button clicked]]>
            </line>
            <line>
              <![CDATA[Internal page was loaded successfully |||||| ]]>
            </line>
            <line>
              <![CDATA[Login is successfull]]>
            </line>
            <line>
              <![CDATA[Internal page was loaded successfully |||||| ]]>
            </line>
            <line>
              <![CDATA[Login dialog was loaded]]>
            </line>
            <line>
              <![CDATA[Login dialog was closed]]>
            </line>
            <line>
              <![CDATA[--------Finishing "accountEntryWithNotExistingUser" test---------]]>
            </line>
          </reporter-output>
        </test-method> <!-- accountEntryWithNotExistingUser -->
        <test-method status="PASS" signature="saveScreenshot(org.testng.ITestResult)[pri:0, instance:ru.st.selenium.testSuites.frontEndTestSuite.AccountEntryTest@131276c2]" name="saveScreenshot" is-config="true" duration-ms="1" started-at="2018-01-06T16:33:57Z" finished-at="2018-01-06T16:33:57Z">
          <params>
            <param index="0">
              <value>
                <![CDATA[[TestResult name=accountEntryWithNotExistingUser status=SUCCESS method=AccountEntryTest.accountEntryWithNotExistingUser()[pri:0, instance:ru.st.selenium.testSuites.frontEndTestSuite.AccountEntryTest@131276c2] output=--------Starting "accountEntryWithNotExistingUser" test---------]]]>
              </value>
            </param>
          </params>
          <reporter-output>
          </reporter-output>
        </test-method> <!-- saveScreenshot -->
        <test-method status="PASS" signature="stop()[pri:0, instance:ru.st.selenium.testSuites.frontEndTestSuite.AccountEntryTest@131276c2]" name="stop" is-config="true" duration-ms="1508" started-at="2018-01-06T16:33:57Z" finished-at="2018-01-06T16:33:59Z">
          <reporter-output>
          </reporter-output>
        </test-method> <!-- stop -->
      </class> <!-- ru.st.selenium.testSuites.frontEndTestSuite.AccountEntryTest -->
    </test> <!-- Login to account -->
    <test name="Forgot password tests" duration-ms="99699" started-at="2018-01-07T00:33:59Z" finished-at="2018-01-07T00:35:38Z">
      <class name="ru.st.selenium.testSuites.frontEndTestSuite.ForgotPasswordTest">
        <test-method status="PASS" signature="init()[pri:0, instance:ru.st.selenium.testSuites.frontEndTestSuite.ForgotPasswordTest@d44fc21]" name="init" is-config="true" duration-ms="10236" started-at="2018-01-06T16:33:59Z" finished-at="2018-01-06T16:34:09Z">
          <reporter-output>
          </reporter-output>
        </test-method> <!-- init -->
        <test-method status="FAIL" signature="forgotPasswordOfExistingUser()[pri:0, instance:ru.st.selenium.testSuites.frontEndTestSuite.ForgotPasswordTest@d44fc21]" name="forgotPasswordOfExistingUser" duration-ms="64577" started-at="2018-01-06T16:34:09Z" finished-at="2018-01-06T16:35:13Z">
          <exception class="org.openqa.selenium.NoSuchElementException">
            <message>
              <![CDATA[Timed out after 10 seconds. Unable to locate the element
For documentation on this error, please visit: http://seleniumhq.org/exceptions/no_such_element.html
Build info: version: '2.31.0', revision: '1bd294d185a80fa4206dfeab80ba773c04ac33c0', time: '2013-02-27 13:51:26'
System info: os.name: 'Windows 8.1', os.arch: 'amd64', os.version: '6.3', java.version: '1.8.0_151'
Driver info: driver.version: unknown]]>
            </message>
            <full-stacktrace>
              <![CDATA[org.openqa.selenium.NoSuchElementException: Timed out after 10 seconds. Unable to locate the element
For documentation on this error, please visit: http://seleniumhq.org/exceptions/no_such_element.html
Build info: version: '2.31.0', revision: '1bd294d185a80fa4206dfeab80ba773c04ac33c0', time: '2013-02-27 13:51:26'
System info: os.name: 'Windows 8.1', os.arch: 'amd64', os.version: '6.3', java.version: '1.8.0_151'
Driver info: driver.version: unknown
	at org.openqa.selenium.support.pagefactory.AjaxElementLocator.findElement(AjaxElementLocator.java:70)
	at org.openqa.selenium.support.pagefactory.internal.LocatingElementHandler.invoke(LocatingElementHandler.java:34)
	at com.sun.proxy.$Proxy6.toString(Unknown Source)
	at java.lang.String.valueOf(String.java:2994)
	at java.lang.StringBuilder.append(StringBuilder.java:131)
	at org.openqa.selenium.support.ui.ExpectedConditions$5.toString(ExpectedConditions.java:161)
	at org.openqa.selenium.support.ui.FluentWait.until(FluentWait.java:223)
	at ru.st.selenium.pages.InternalPage.clickLogoutButton(InternalPage.java:159)
	at ru.st.selenium.applogic2.UserHelper2.logout(UserHelper2.java:34)
	at ru.st.selenium.testSuites.frontEndTestSuite.ForgotPasswordTest.forgotPasswordOfExistingUser(ForgotPasswordTest.java:26)
	at sun.reflect.NativeMethodAccessorImpl.invoke0(Native Method)
	at sun.reflect.NativeMethodAccessorImpl.invoke(NativeMethodAccessorImpl.java:62)
	at sun.reflect.DelegatingMethodAccessorImpl.invoke(DelegatingMethodAccessorImpl.java:43)
	at java.lang.reflect.Method.invoke(Method.java:498)
	at org.testng.internal.MethodInvocationHelper.invokeMethod(MethodInvocationHelper.java:80)
	at org.testng.internal.Invoker.invokeMethod(Invoker.java:714)
	at org.testng.internal.Invoker.invokeTestMethod(Invoker.java:901)
	at org.testng.internal.Invoker.invokeTestMethods(Invoker.java:1231)
	at org.testng.internal.TestMethodWorker.invokeTestMethods(TestMethodWorker.java:127)
	at org.testng.internal.TestMethodWorker.run(TestMethodWorker.java:111)
	at org.testng.TestRunner.privateRun(TestRunner.java:767)
	at org.testng.TestRunner.run(TestRunner.java:617)
	at org.testng.SuiteRunner.runTest(SuiteRunner.java:334)
	at org.testng.SuiteRunner.runSequentially(SuiteRunner.java:329)
	at org.testng.SuiteRunner.privateRun(SuiteRunner.java:291)
	at org.testng.SuiteRunner.run(SuiteRunner.java:240)
	at org.testng.SuiteRunnerWorker.runSuite(SuiteRunnerWorker.java:52)
	at org.testng.SuiteRunnerWorker.run(SuiteRunnerWorker.java:86)
	at org.testng.TestNG.runSuitesSequentially(TestNG.java:1198)
	at org.testng.TestNG.runSuitesLocally(TestNG.java:1123)
	at org.testng.TestNG.run(TestNG.java:1031)
	at org.apache.maven.surefire.testng.TestNGExecutor.run(TestNGExecutor.java:178)
	at org.apache.maven.surefire.testng.TestNGXmlTestSuite.execute(TestNGXmlTestSuite.java:92)
	at org.apache.maven.surefire.testng.TestNGProvider.invoke(TestNGProvider.java:96)
	at sun.reflect.NativeMethodAccessorImpl.invoke0(Native Method)
	at sun.reflect.NativeMethodAccessorImpl.invoke(NativeMethodAccessorImpl.java:62)
	at sun.reflect.DelegatingMethodAccessorImpl.invoke(DelegatingMethodAccessorImpl.java:43)
	at java.lang.reflect.Method.invoke(Method.java:498)
	at org.apache.maven.surefire.util.ReflectionUtils.invokeMethodWithArray(ReflectionUtils.java:189)
	at org.apache.maven.surefire.booter.ProviderFactory$ProviderProxy.invoke(ProviderFactory.java:165)
	at org.apache.maven.surefire.booter.ProviderFactory.invokeProvider(ProviderFactory.java:85)
	at org.apache.maven.surefire.booter.ForkedBooter.runSuitesInProcess(ForkedBooter.java:115)
	at org.apache.maven.surefire.booter.ForkedBooter.main(ForkedBooter.java:75)
Caused by: org.openqa.selenium.NoSuchElementException: Element is not usable
For documentation on this error, please visit: http://seleniumhq.org/exceptions/no_such_element.html
Build info: version: '2.31.0', revision: '1bd294d185a80fa4206dfeab80ba773c04ac33c0', time: '2013-02-27 13:51:26'
System info: os.name: 'Windows 8.1', os.arch: 'amd64', os.version: '6.3', java.version: '1.8.0_151'
Driver info: driver.version: unknown
	at org.openqa.selenium.support.pagefactory.AjaxElementLocator$SlowLoadingElement.isLoaded(AjaxElementLocator.java:142)
	at org.openqa.selenium.support.ui.SlowLoadableComponent.get(SlowLoadableComponent.java:70)
	at org.openqa.selenium.support.pagefactory.AjaxElementLocator.findElement(AjaxElementLocator.java:68)
	... 42 more
]]>
            </full-stacktrace>
          </exception> <!-- org.openqa.selenium.NoSuchElementException -->
          <reporter-output>
            <line>
              <![CDATA[--------Starting "forgotPasswordOfExistingUser" test---------]]>
            </line>
            <line>
              <![CDATA[Login button was clicked |||||| ]]>
            </line>
            <line>
              <![CDATA[forgot password button was clicked]]>
            </line>
            <line>
              <![CDATA[Username "isko.antontest@gmail.com" typed to username field]]>
            </line>
            <line>
              <![CDATA[Send password button was pressed]]>
            </line>
            <line>
              <![CDATA[Internal page was loaded successfully |||||| ]]>
            </line>
            <line>
              <![CDATA[Login dialog was loaded]]>
            </line>
            <line>
              <![CDATA[Login dialog was closed]]>
            </line>
            <line>
              <![CDATA[Email restore password link in email is "http://34.214.90.155/password/reset/b1dc7f4ed338117e0de1f51f879db3e1ac5d9675743d35b27f69ab3e159c0c43"]]>
            </line>
            <line>
              <![CDATA[Email isko.antontest@gmail.com was typed to email field]]>
            </line>
            <line>
              <![CDATA[Password 123456789 was typed to password field]]>
            </line>
            <line>
              <![CDATA[Password 123456789 was typed to password confirmation field]]>
            </line>
            <line>
              <![CDATA[Submit button was pressed on Reset Password Page]]>
            </line>
            <line>
              <![CDATA[Login button was clicked |||||| ]]>
            </line>
          </reporter-output>
        </test-method> <!-- forgotPasswordOfExistingUser -->
        <test-method status="PASS" signature="saveScreenshot(org.testng.ITestResult)[pri:0, instance:ru.st.selenium.testSuites.frontEndTestSuite.ForgotPasswordTest@d44fc21]" name="saveScreenshot" is-config="true" duration-ms="366" started-at="2018-01-06T16:35:13Z" finished-at="2018-01-06T16:35:14Z">
          <params>
            <param index="0">
              <value>
                <![CDATA[[TestResult name=forgotPasswordOfExistingUser status=FAILURE method=ForgotPasswordTest.forgotPasswordOfExistingUser()[pri:0, instance:ru.st.selenium.testSuites.frontEndTestSuite.ForgotPasswordTest@d44fc21] output=--------Starting "forgotPasswordOfExistingUser" test---------]]]>
              </value>
            </param>
          </params>
          <reporter-output>
            <line>
              <![CDATA[<p><br><br>Bug in test "ForgotPasswordTest"<br><img width="1024" src = file:///C:\mafPortalAutomation\target\surefire-reports\FailedTestsScreenshots\06.01.2018_16-35-14\ForgotPasswordTest.jpg> </p></a><br/>]]>
            </line>
          </reporter-output>
        </test-method> <!-- saveScreenshot -->
        <test-method status="FAIL" signature="forgotPasswordOfNotExistingUser()[pri:0, instance:ru.st.selenium.testSuites.frontEndTestSuite.ForgotPasswordTest@d44fc21]" name="forgotPasswordOfNotExistingUser" duration-ms="22631" started-at="2018-01-06T16:35:14Z" finished-at="2018-01-06T16:35:36Z">
          <exception class="org.openqa.selenium.NoSuchElementException">
            <message>
              <![CDATA[Timed out after 10 seconds. Unable to locate the element
For documentation on this error, please visit: http://seleniumhq.org/exceptions/no_such_element.html
Build info: version: '2.31.0', revision: '1bd294d185a80fa4206dfeab80ba773c04ac33c0', time: '2013-02-27 13:51:26'
System info: os.name: 'Windows 8.1', os.arch: 'amd64', os.version: '6.3', java.version: '1.8.0_151'
Driver info: driver.version: unknown]]>
            </message>
            <full-stacktrace>
              <![CDATA[org.openqa.selenium.NoSuchElementException: Timed out after 10 seconds. Unable to locate the element
For documentation on this error, please visit: http://seleniumhq.org/exceptions/no_such_element.html
Build info: version: '2.31.0', revision: '1bd294d185a80fa4206dfeab80ba773c04ac33c0', time: '2013-02-27 13:51:26'
System info: os.name: 'Windows 8.1', os.arch: 'amd64', os.version: '6.3', java.version: '1.8.0_151'
Driver info: driver.version: unknown
	at org.openqa.selenium.support.pagefactory.AjaxElementLocator.findElement(AjaxElementLocator.java:70)
	at org.openqa.selenium.support.pagefactory.internal.LocatingElementHandler.invoke(LocatingElementHandler.java:34)
	at com.sun.proxy.$Proxy6.click(Unknown Source)
	at ru.st.selenium.pages.LoginPage.clickForgotPasswordButton(LoginPage.java:88)
	at ru.st.selenium.applogic2.UserHelper2.restorePasswordOfNotExistingUser(UserHelper2.java:88)
	at ru.st.selenium.testSuites.frontEndTestSuite.ForgotPasswordTest.forgotPasswordOfNotExistingUser(ForgotPasswordTest.java:40)
	at sun.reflect.NativeMethodAccessorImpl.invoke0(Native Method)
	at sun.reflect.NativeMethodAccessorImpl.invoke(NativeMethodAccessorImpl.java:62)
	at sun.reflect.DelegatingMethodAccessorImpl.invoke(DelegatingMethodAccessorImpl.java:43)
	at java.lang.reflect.Method.invoke(Method.java:498)
	at org.testng.internal.MethodInvocationHelper.invokeMethod(MethodInvocationHelper.java:80)
	at org.testng.internal.Invoker.invokeMethod(Invoker.java:714)
	at org.testng.internal.Invoker.invokeTestMethod(Invoker.java:901)
	at org.testng.internal.Invoker.invokeTestMethods(Invoker.java:1231)
	at org.testng.internal.TestMethodWorker.invokeTestMethods(TestMethodWorker.java:127)
	at org.testng.internal.TestMethodWorker.run(TestMethodWorker.java:111)
	at org.testng.TestRunner.privateRun(TestRunner.java:767)
	at org.testng.TestRunner.run(TestRunner.java:617)
	at org.testng.SuiteRunner.runTest(SuiteRunner.java:334)
	at org.testng.SuiteRunner.runSequentially(SuiteRunner.java:329)
	at org.testng.SuiteRunner.privateRun(SuiteRunner.java:291)
	at org.testng.SuiteRunner.run(SuiteRunner.java:240)
	at org.testng.SuiteRunnerWorker.runSuite(SuiteRunnerWorker.java:52)
	at org.testng.SuiteRunnerWorker.run(SuiteRunnerWorker.java:86)
	at org.testng.TestNG.runSuitesSequentially(TestNG.java:1198)
	at org.testng.TestNG.runSuitesLocally(TestNG.java:1123)
	at org.testng.TestNG.run(TestNG.java:1031)
	at org.apache.maven.surefire.testng.TestNGExecutor.run(TestNGExecutor.java:178)
	at org.apache.maven.surefire.testng.TestNGXmlTestSuite.execute(TestNGXmlTestSuite.java:92)
	at org.apache.maven.surefire.testng.TestNGProvider.invoke(TestNGProvider.java:96)
	at sun.reflect.NativeMethodAccessorImpl.invoke0(Native Method)
	at sun.reflect.NativeMethodAccessorImpl.invoke(NativeMethodAccessorImpl.java:62)
	at sun.reflect.DelegatingMethodAccessorImpl.invoke(DelegatingMethodAccessorImpl.java:43)
	at java.lang.reflect.Method.invoke(Method.java:498)
	at org.apache.maven.surefire.util.ReflectionUtils.invokeMethodWithArray(ReflectionUtils.java:189)
	at org.apache.maven.surefire.booter.ProviderFactory$ProviderProxy.invoke(ProviderFactory.java:165)
	at org.apache.maven.surefire.booter.ProviderFactory.invokeProvider(ProviderFactory.java:85)
	at org.apache.maven.surefire.booter.ForkedBooter.runSuitesInProcess(ForkedBooter.java:115)
	at org.apache.maven.surefire.booter.ForkedBooter.main(ForkedBooter.java:75)
Caused by: org.openqa.selenium.NoSuchElementException: no such element: Unable to locate element: {"method":"xpath","selector":"//div[@class = 'login']//div[@class = 'forgot']/a"}
  (Session info: chrome=63.0.3239.132)
  (Driver info: chromedriver=2.33.506120 (e3e53437346286c0bc2d2dc9aa4915ba81d9023f),platform=Windows NT 6.3.9600 x86_64) (WARNING: The server did not provide any stacktrace information)
Command duration or timeout: 26 milliseconds
For documentation on this error, please visit: http://seleniumhq.org/exceptions/no_such_element.html
Build info: version: '2.31.0', revision: '1bd294d185a80fa4206dfeab80ba773c04ac33c0', time: '2013-02-27 13:51:26'
System info: os.name: 'Windows 8.1', os.arch: 'amd64', os.version: '6.3', java.version: '1.8.0_151'
Driver info: org.openqa.selenium.chrome.ChromeDriver
Capabilities [{applicationCacheEnabled=false, rotatable=false, mobileEmulationEnabled=false, networkConnectionEnabled=false, chrome={chromedriverVersion=2.33.506120 (e3e53437346286c0bc2d2dc9aa4915ba81d9023f), userDataDir=C:\Users\Anton89\AppData\Local\Temp\scoped_dir7488_1791}, takesHeapSnapshot=true, pageLoadStrategy=normal, databaseEnabled=false, handlesAlerts=true, hasTouchScreen=false, version=63.0.3239.132, platform=XP, browserConnectionEnabled=false, nativeEvents=true, acceptSslCerts=true, locationContextEnabled=true, webStorageEnabled=true, browserName=chrome, takesScreenshot=true, javascriptEnabled=true, cssSelectorsEnabled=true, setWindowRect=true, unexpectedAlertBehaviour=}]
Session ID: 9437e3a7e7b253c085aec3a960831067
	at sun.reflect.GeneratedConstructorAccessor19.newInstance(Unknown Source)
	at sun.reflect.DelegatingConstructorAccessorImpl.newInstance(DelegatingConstructorAccessorImpl.java:45)
	at java.lang.reflect.Constructor.newInstance(Constructor.java:423)
	at org.openqa.selenium.remote.ErrorHandler.createThrowable(ErrorHandler.java:187)
	at org.openqa.selenium.remote.ErrorHandler.throwIfResponseFailed(ErrorHandler.java:145)
	at org.openqa.selenium.remote.RemoteWebDriver.execute(RemoteWebDriver.java:554)
	at org.openqa.selenium.remote.RemoteWebDriver.findElement(RemoteWebDriver.java:307)
	at org.openqa.selenium.remote.RemoteWebDriver.findElementByXPath(RemoteWebDriver.java:404)
	at org.openqa.selenium.By$ByXPath.findElement(By.java:344)
	at org.openqa.selenium.remote.RemoteWebDriver.findElement(RemoteWebDriver.java:299)
	at org.openqa.selenium.support.pagefactory.DefaultElementLocator.findElement(DefaultElementLocator.java:59)
	at org.openqa.selenium.support.pagefactory.AjaxElementLocator.access$001(AjaxElementLocator.java:38)
	at org.openqa.selenium.support.pagefactory.AjaxElementLocator$SlowLoadingElement.isLoaded(AjaxElementLocator.java:140)
	at org.openqa.selenium.support.ui.SlowLoadableComponent.get(SlowLoadableComponent.java:70)
	at org.openqa.selenium.support.pagefactory.AjaxElementLocator.findElement(AjaxElementLocator.java:68)
	... 38 more
]]>
            </full-stacktrace>
          </exception> <!-- org.openqa.selenium.NoSuchElementException -->
          <reporter-output>
            <line>
              <![CDATA[--------Starting "forgotPasswordOfNotExistingUser" test---------]]>
            </line>
            <line>
              <![CDATA[Login button was clicked |||||| ]]>
            </line>
          </reporter-output>
        </test-method> <!-- forgotPasswordOfNotExistingUser -->
        <test-method status="PASS" signature="saveScreenshot(org.testng.ITestResult)[pri:0, instance:ru.st.selenium.testSuites.frontEndTestSuite.ForgotPasswordTest@d44fc21]" name="saveScreenshot" is-config="true" duration-ms="330" started-at="2018-01-06T16:35:37Z" finished-at="2018-01-06T16:35:37Z">
          <params>
            <param index="0">
              <value>
                <![CDATA[[TestResult name=forgotPasswordOfNotExistingUser status=FAILURE method=ForgotPasswordTest.forgotPasswordOfNotExistingUser()[pri:0, instance:ru.st.selenium.testSuites.frontEndTestSuite.ForgotPasswordTest@d44fc21] output=--------Starting "forgotPasswordOfNotExistingUser" test---------]]]>
              </value>
            </param>
          </params>
          <reporter-output>
            <line>
              <![CDATA[<p><br><br>Bug in test "ForgotPasswordTest"<br><img width="1024" src = file:///C:\mafPortalAutomation\target\surefire-reports\FailedTestsScreenshots\06.01.2018_16-35-37\ForgotPasswordTest.jpg> </p></a><br/>]]>
            </line>
          </reporter-output>
        </test-method> <!-- saveScreenshot -->
        <test-method status="PASS" signature="stop()[pri:0, instance:ru.st.selenium.testSuites.frontEndTestSuite.ForgotPasswordTest@d44fc21]" name="stop" is-config="true" duration-ms="1514" started-at="2018-01-06T16:35:37Z" finished-at="2018-01-06T16:35:38Z">
          <reporter-output>
          </reporter-output>
        </test-method> <!-- stop -->
      </class> <!-- ru.st.selenium.testSuites.frontEndTestSuite.ForgotPasswordTest -->
    </test> <!-- Forgot password tests -->
    <test name="Buy item tests" duration-ms="111427" started-at="2018-01-07T00:35:38Z" finished-at="2018-01-07T00:37:30Z">
      <class name="ru.st.selenium.testSuites.frontEndTestSuite.BuyItemTest">
        <test-method status="PASS" signature="init()[pri:0, instance:ru.st.selenium.testSuites.frontEndTestSuite.BuyItemTest@6895a785]" name="init" is-config="true" duration-ms="16373" started-at="2018-01-06T16:35:38Z" finished-at="2018-01-06T16:35:55Z">
          <reporter-output>
          </reporter-output>
        </test-method> <!-- init -->
        <test-method status="PASS" signature="buyItemTest()[pri:0, instance:ru.st.selenium.testSuites.frontEndTestSuite.BuyItemTest@6895a785]" name="buyItemTest" duration-ms="93623" started-at="2018-01-06T16:35:55Z" finished-at="2018-01-06T16:37:28Z">
          <reporter-output>
            <line>
              <![CDATA[--------Starting "buyItemTest" test---------]]>
            </line>
            <line>
              <![CDATA[Login button was clicked |||||| ]]>
            </line>
            <line>
              <![CDATA[Username "isko.antontest@gmail.com" typed to username field]]>
            </line>
            <line>
              <![CDATA[Password "123456789" typed to password field]]>
            </line>
            <line>
              <![CDATA[Submit button clicked]]>
            </line>
            <line>
              <![CDATA[Internal page was loaded successfully |||||| ]]>
            </line>
            <line>
              <![CDATA[Login is successfull]]>
            </line>
            <line>
              <![CDATA[Shop button was clicked |||||| ]]>
            </line>
            <line>
              <![CDATA[Buy button was clicked]]>
            </line>
            <line>
              <![CDATA[Item "Product 2" was bought]]>
            </line>
            <line>
              <![CDATA["Continue shopping" button was clicked]]>
            </line>
            <line>
              <![CDATA[Shop button was clicked |||||| ]]>
            </line>
            <line>
              <![CDATA[Buy button was clicked]]>
            </line>
            <line>
              <![CDATA[Item "Product 1" was bought]]>
            </line>
            <line>
              <![CDATA["Continue shopping" button was clicked]]>
            </line>
            <line>
              <![CDATA[Login button was clicked |||||| ]]>
            </line>
            <line>
              <![CDATA[Cart button was clicked |||||| ]]>
            </line>
            <line>
              <![CDATA[Item Product 2 exist in the cart]]>
            </line>
            <line>
              <![CDATA[Login button was clicked |||||| ]]>
            </line>
            <line>
              <![CDATA[Cart button was clicked |||||| ]]>
            </line>
            <line>
              <![CDATA[Item Product 1 exist in the cart]]>
            </line>
            <line>
              <![CDATA[Login button was clicked |||||| ]]>
            </line>
            <line>
              <![CDATA[Cart button was clicked |||||| ]]>
            </line>
            <line>
              <![CDATA[Item Product 2 was removed from the cart]]>
            </line>
            <line>
              <![CDATA[Login button was clicked |||||| ]]>
            </line>
            <line>
              <![CDATA[Cart button was clicked |||||| ]]>
            </line>
            <line>
              <![CDATA[Item Product 1 was removed from the cart]]>
            </line>
            <line>
              <![CDATA[Login button was clicked |||||| ]]>
            </line>
            <line>
              <![CDATA[Internal page was loaded successfully |||||| ]]>
            </line>
            <line>
              <![CDATA[Logout successful]]>
            </line>
            <line>
              <![CDATA[--------Finishing "buyItemTest" test---------]]>
            </line>
          </reporter-output>
        </test-method> <!-- buyItemTest -->
        <test-method status="PASS" signature="saveScreenshot(org.testng.ITestResult)[pri:0, instance:ru.st.selenium.testSuites.frontEndTestSuite.BuyItemTest@6895a785]" name="saveScreenshot" is-config="true" duration-ms="1" started-at="2018-01-06T16:37:28Z" finished-at="2018-01-06T16:37:28Z">
          <params>
            <param index="0">
              <value>
                <![CDATA[[TestResult name=buyItemTest status=SUCCESS method=BuyItemTest.buyItemTest()[pri:0, instance:ru.st.selenium.testSuites.frontEndTestSuite.BuyItemTest@6895a785] output=--------Starting "buyItemTest" test---------]]]>
              </value>
            </param>
          </params>
          <reporter-output>
          </reporter-output>
        </test-method> <!-- saveScreenshot -->
        <test-method status="PASS" signature="stop()[pri:0, instance:ru.st.selenium.testSuites.frontEndTestSuite.BuyItemTest@6895a785]" name="stop" is-config="true" duration-ms="1430" started-at="2018-01-06T16:37:28Z" finished-at="2018-01-06T16:37:30Z">
          <reporter-output>
          </reporter-output>
        </test-method> <!-- stop -->
      </class> <!-- ru.st.selenium.testSuites.frontEndTestSuite.BuyItemTest -->
    </test> <!-- Buy item tests -->
    <test name="Delete user from DB" duration-ms="42754" started-at="2018-01-07T00:37:30Z" finished-at="2018-01-07T00:38:13Z">
      <class name="ru.st.selenium.testSuites.frontEndTestSuite.DeleteUserFromDataBase">
        <test-method status="PASS" signature="init()[pri:0, instance:ru.st.selenium.testSuites.frontEndTestSuite.DeleteUserFromDataBase@5f282abb]" name="init" is-config="true" duration-ms="11142" started-at="2018-01-06T16:37:30Z" finished-at="2018-01-06T16:37:41Z">
          <reporter-output>
          </reporter-output>
        </test-method> <!-- init -->
        <test-method status="PASS" signature="deleteUserFromDataBase()[pri:0, instance:ru.st.selenium.testSuites.frontEndTestSuite.DeleteUserFromDataBase@5f282abb]" name="deleteUserFromDataBase" duration-ms="30152" started-at="2018-01-06T16:37:41Z" finished-at="2018-01-06T16:38:11Z">
          <reporter-output>
            <line>
              <![CDATA["mafia@mafia.com" was typed to email field]]>
            </line>
            <line>
              <![CDATA["123456" was typed to password field]]>
            </line>
            <line>
              <![CDATA[Login button was clicked]]>
            </line>
            <line>
              <![CDATA[Tab Users, Roles, Permissions was clicked]]>
            </line>
            <line>
              <![CDATA[Tab Users was clicked]]>
            </line>
            <line>
              <![CDATA[Admin Users page was loaded successfully]]>
            </line>
            <line>
              <![CDATA[Text isko.antontest@gmail.com was typed to the search field]]>
            </line>
            <line>
              <![CDATA[Alert about deleting was accepted]]>
            </line>
            <line>
              <![CDATA[User isko.antontest@gmail.com deleted]]>
            </line>
          </reporter-output>
        </test-method> <!-- deleteUserFromDataBase -->
        <test-method status="PASS" signature="stop()[pri:0, instance:ru.st.selenium.testSuites.frontEndTestSuite.DeleteUserFromDataBase@5f282abb]" name="stop" is-config="true" duration-ms="1458" started-at="2018-01-06T16:38:11Z" finished-at="2018-01-06T16:38:13Z">
          <reporter-output>
          </reporter-output>
        </test-method> <!-- stop -->
      </class> <!-- ru.st.selenium.testSuites.frontEndTestSuite.DeleteUserFromDataBase -->
    </test> <!-- Delete user from DB -->
    <test name="Admin panel entry test" duration-ms="80085" started-at="2018-01-07T00:38:13Z" finished-at="2018-01-07T00:39:33Z">
      <class name="ru.st.selenium.testSuites.backEndTestSuite.AdminAccountEntry">
        <test-method status="PASS" signature="init()[pri:0, instance:ru.st.selenium.testSuites.backEndTestSuite.AdminAccountEntry@74650e52]" name="init" is-config="true" duration-ms="18080" started-at="2018-01-06T16:38:13Z" finished-at="2018-01-06T16:38:31Z">
          <reporter-output>
          </reporter-output>
        </test-method> <!-- init -->
        <test-method status="PASS" signature="adminAccountEntryWithBlankUser()[pri:0, instance:ru.st.selenium.testSuites.backEndTestSuite.AdminAccountEntry@74650e52]" name="adminAccountEntryWithBlankUser" duration-ms="16818" started-at="2018-01-06T16:38:31Z" finished-at="2018-01-06T16:38:48Z">
          <reporter-output>
            <line>
              <![CDATA["" was typed to email field]]>
            </line>
            <line>
              <![CDATA["" was typed to password field]]>
            </line>
            <line>
              <![CDATA[Login button was clicked]]>
            </line>
            <line>
              <![CDATA[The messagein email field is The email field is required.]]>
            </line>
            <line>
              <![CDATA[The message in password field is The password field is required.]]>
            </line>
            <line>
              <![CDATA[--------Finishing "adminAccountEntryWithBlankUser" test---------]]>
            </line>
          </reporter-output>
        </test-method> <!-- adminAccountEntryWithBlankUser -->
        <test-method status="PASS" signature="saveScreenshot(org.testng.ITestResult)[pri:0, instance:ru.st.selenium.testSuites.backEndTestSuite.AdminAccountEntry@74650e52]" name="saveScreenshot" is-config="true" duration-ms="0" started-at="2018-01-06T16:38:48Z" finished-at="2018-01-06T16:38:48Z">
          <params>
            <param index="0">
              <value>
                <![CDATA[[TestResult name=adminAccountEntryWithBlankUser status=SUCCESS method=AdminAccountEntry.adminAccountEntryWithBlankUser()[pri:0, instance:ru.st.selenium.testSuites.backEndTestSuite.AdminAccountEntry@74650e52] output="" was typed to email field]]]>
              </value>
            </param>
          </params>
          <reporter-output>
          </reporter-output>
        </test-method> <!-- saveScreenshot -->
        <test-method status="PASS" signature="adminAccountEntryWithExistingUser()[pri:0, instance:ru.st.selenium.testSuites.backEndTestSuite.AdminAccountEntry@74650e52]" name="adminAccountEntryWithExistingUser" duration-ms="28817" started-at="2018-01-06T16:38:48Z" finished-at="2018-01-06T16:39:16Z">
          <reporter-output>
            <line>
              <![CDATA["mafia@mafia.com" was typed to email field]]>
            </line>
            <line>
              <![CDATA["123456" was typed to password field]]>
            </line>
            <line>
              <![CDATA[Login button was clicked]]>
            </line>
            <line>
              <![CDATA[Trying to click logout button]]>
            </line>
            <line>
              <![CDATA[Logout button was clicked]]>
            </line>
            <line>
              <![CDATA[AdminLoginPage page was loaded successfully]]>
            </line>
          </reporter-output>
        </test-method> <!-- adminAccountEntryWithExistingUser -->
        <test-method status="PASS" signature="adminAccountEntryWithNotExistingUser()[pri:0, instance:ru.st.selenium.testSuites.backEndTestSuite.AdminAccountEntry@74650e52]" name="adminAccountEntryWithNotExistingUser" duration-ms="14863" started-at="2018-01-06T16:39:16Z" finished-at="2018-01-06T16:39:31Z">
          <reporter-output>
            <line>
              <![CDATA["wrongemail@mail.ru" was typed to email field]]>
            </line>
            <line>
              <![CDATA["wrongPassword" was typed to password field]]>
            </line>
            <line>
              <![CDATA[Login button was clicked]]>
            </line>
            <line>
              <![CDATA[The messagein email field is Неверное имя пользователя или пароль.]]>
            </line>
            <line>
              <![CDATA[--------Finishing "adminAccountEntryWithNotExistingUser" test---------]]>
            </line>
          </reporter-output>
        </test-method> <!-- adminAccountEntryWithNotExistingUser -->
        <test-method status="PASS" signature="saveScreenshot(org.testng.ITestResult)[pri:0, instance:ru.st.selenium.testSuites.backEndTestSuite.AdminAccountEntry@74650e52]" name="saveScreenshot" is-config="true" duration-ms="0" started-at="2018-01-06T16:39:16Z" finished-at="2018-01-06T16:39:16Z">
          <params>
            <param index="0">
              <value>
                <![CDATA[[TestResult name=adminAccountEntryWithExistingUser status=SUCCESS method=AdminAccountEntry.adminAccountEntryWithExistingUser()[pri:0, instance:ru.st.selenium.testSuites.backEndTestSuite.AdminAccountEntry@74650e52] output="mafia@mafia.com" was typed to email field]]]>
              </value>
            </param>
          </params>
          <reporter-output>
          </reporter-output>
        </test-method> <!-- saveScreenshot -->
        <test-method status="PASS" signature="saveScreenshot(org.testng.ITestResult)[pri:0, instance:ru.st.selenium.testSuites.backEndTestSuite.AdminAccountEntry@74650e52]" name="saveScreenshot" is-config="true" duration-ms="1" started-at="2018-01-06T16:39:31Z" finished-at="2018-01-06T16:39:31Z">
          <params>
            <param index="0">
              <value>
                <![CDATA[[TestResult name=adminAccountEntryWithNotExistingUser status=SUCCESS method=AdminAccountEntry.adminAccountEntryWithNotExistingUser()[pri:0, instance:ru.st.selenium.testSuites.backEndTestSuite.AdminAccountEntry@74650e52] output="wrongemail@mail.ru" was typed to email field]]]>
              </value>
            </param>
          </params>
          <reporter-output>
          </reporter-output>
        </test-method> <!-- saveScreenshot -->
        <test-method status="PASS" signature="stop()[pri:0, instance:ru.st.selenium.testSuites.backEndTestSuite.AdminAccountEntry@74650e52]" name="stop" is-config="true" duration-ms="1504" started-at="2018-01-06T16:39:31Z" finished-at="2018-01-06T16:39:33Z">
          <reporter-output>
          </reporter-output>
        </test-method> <!-- stop -->
      </class> <!-- ru.st.selenium.testSuites.backEndTestSuite.AdminAccountEntry -->
    </test> <!-- Admin panel entry test -->
    <test name="Add menu items" duration-ms="47021" started-at="2018-01-07T00:39:33Z" finished-at="2018-01-07T00:40:20Z">
      <class name="ru.st.selenium.testSuites.backEndTestSuite.AddNewMenuItems">
        <test-method status="PASS" signature="init()[pri:0, instance:ru.st.selenium.testSuites.backEndTestSuite.AddNewMenuItems@2833cc44]" name="init" is-config="true" duration-ms="11085" started-at="2018-01-06T16:39:33Z" finished-at="2018-01-06T16:39:44Z">
          <reporter-output>
          </reporter-output>
        </test-method> <!-- init -->
        <test-method status="PASS" signature="addNewMenuItem()[pri:0, instance:ru.st.selenium.testSuites.backEndTestSuite.AddNewMenuItems@2833cc44]" name="addNewMenuItem" duration-ms="34494" started-at="2018-01-06T16:39:44Z" finished-at="2018-01-06T16:40:18Z">
          <reporter-output>
            <line>
              <![CDATA[--------Starting "addNewMenuItem" test---------]]>
            </line>
            <line>
              <![CDATA["mafia@mafia.com" was typed to email field]]>
            </line>
            <line>
              <![CDATA["123456" was typed to password field]]>
            </line>
            <line>
              <![CDATA[Login button was clicked]]>
            </line>
            <line>
              <![CDATA[Tab Menu was clicked]]>
            </line>
            <line>
              <![CDATA[Add item was clicked on AdminMenuPage]]>
            </line>
            <line>
              <![CDATA[Trying to click submit button]]>
            </line>
            <line>
              <![CDATA[Submit button was clicked]]>
            </line>
            <line>
              <![CDATA[Tab Menu was clicked]]>
            </line>
            <line>
              <![CDATA[Item Тест меню has been deleted]]>
            </line>
            <line>
              <![CDATA[--------Finishing "addNewMenuItem" test---------]]>
            </line>
          </reporter-output>
        </test-method> <!-- addNewMenuItem -->
        <test-method status="PASS" signature="saveScreenshot(org.testng.ITestResult)[pri:0, instance:ru.st.selenium.testSuites.backEndTestSuite.AddNewMenuItems@2833cc44]" name="saveScreenshot" is-config="true" duration-ms="0" started-at="2018-01-06T16:40:18Z" finished-at="2018-01-06T16:40:18Z">
          <params>
            <param index="0">
              <value>
                <![CDATA[[TestResult name=addNewMenuItem status=SUCCESS method=AddNewMenuItems.addNewMenuItem()[pri:0, instance:ru.st.selenium.testSuites.backEndTestSuite.AddNewMenuItems@2833cc44] output=--------Starting "addNewMenuItem" test---------]]]>
              </value>
            </param>
          </params>
          <reporter-output>
          </reporter-output>
        </test-method> <!-- saveScreenshot -->
        <test-method status="PASS" signature="stop()[pri:0, instance:ru.st.selenium.testSuites.backEndTestSuite.AddNewMenuItems@2833cc44]" name="stop" is-config="true" duration-ms="1439" started-at="2018-01-06T16:40:18Z" finished-at="2018-01-06T16:40:20Z">
          <reporter-output>
          </reporter-output>
        </test-method> <!-- stop -->
      </class> <!-- ru.st.selenium.testSuites.backEndTestSuite.AddNewMenuItems -->
    </test> <!-- Add menu items -->
    <test name="Add news items" duration-ms="89143" started-at="2018-01-07T00:40:20Z" finished-at="2018-01-07T00:41:49Z">
      <class name="ru.st.selenium.testSuites.backEndTestSuite.AddNewNews">
        <test-method status="PASS" signature="init()[pri:0, instance:ru.st.selenium.testSuites.backEndTestSuite.AddNewNews@e320068]" name="init" is-config="true" duration-ms="10736" started-at="2018-01-06T16:40:20Z" finished-at="2018-01-06T16:40:31Z">
          <reporter-output>
          </reporter-output>
        </test-method> <!-- init -->
        <test-method status="PASS" signature="addNewNewsItem()[pri:0, instance:ru.st.selenium.testSuites.backEndTestSuite.AddNewNews@e320068]" name="addNewNewsItem" duration-ms="76706" started-at="2018-01-06T16:40:31Z" finished-at="2018-01-06T16:41:47Z">
          <reporter-output>
            <line>
              <![CDATA["mafia@mafia.com" was typed to email field]]>
            </line>
            <line>
              <![CDATA["123456" was typed to password field]]>
            </line>
            <line>
              <![CDATA[Login button was clicked]]>
            </line>
            <line>
              <![CDATA[Tab News was clicked]]>
            </line>
            <line>
              <![CDATA[Add item was clicked on AdminNewsPage]]>
            </line>
            <line>
              <![CDATA[Trying to click submit button]]>
            </line>
            <line>
              <![CDATA[Submit button was clicked]]>
            </line>
            <line>
              <![CDATA[Tab News was clicked]]>
            </line>
            <line>
              <![CDATA[Item TestRusTitle has been deleted]]>
            </line>
            <line>
              <![CDATA[--------Finishing "addNewNewsItem" test---------]]>
            </line>
          </reporter-output>
        </test-method> <!-- addNewNewsItem -->
        <test-method status="PASS" signature="saveScreenshot(org.testng.ITestResult)[pri:0, instance:ru.st.selenium.testSuites.backEndTestSuite.AddNewNews@e320068]" name="saveScreenshot" is-config="true" duration-ms="0" started-at="2018-01-06T16:41:47Z" finished-at="2018-01-06T16:41:47Z">
          <params>
            <param index="0">
              <value>
                <![CDATA[[TestResult name=addNewNewsItem status=SUCCESS method=AddNewNews.addNewNewsItem()[pri:0, instance:ru.st.selenium.testSuites.backEndTestSuite.AddNewNews@e320068] output="mafia@mafia.com" was typed to email field]]]>
              </value>
            </param>
          </params>
          <reporter-output>
          </reporter-output>
        </test-method> <!-- saveScreenshot -->
        <test-method status="PASS" signature="stop()[pri:0, instance:ru.st.selenium.testSuites.backEndTestSuite.AddNewNews@e320068]" name="stop" is-config="true" duration-ms="1697" started-at="2018-01-06T16:41:47Z" finished-at="2018-01-06T16:41:49Z">
          <reporter-output>
          </reporter-output>
        </test-method> <!-- stop -->
      </class> <!-- ru.st.selenium.testSuites.backEndTestSuite.AddNewNews -->
    </test> <!-- Add news items -->
    <test name="Add page items" duration-ms="56099" started-at="2018-01-07T00:41:49Z" finished-at="2018-01-07T00:42:45Z">
      <class name="ru.st.selenium.testSuites.backEndTestSuite.AddPageItemTest">
        <test-method status="PASS" signature="init()[pri:0, instance:ru.st.selenium.testSuites.backEndTestSuite.AddPageItemTest@57e1b0c]" name="init" is-config="true" duration-ms="10611" started-at="2018-01-06T16:41:49Z" finished-at="2018-01-06T16:42:00Z">
          <reporter-output>
          </reporter-output>
        </test-method> <!-- init -->
        <test-method status="PASS" signature="addNewPageItem()[pri:0, instance:ru.st.selenium.testSuites.backEndTestSuite.AddPageItemTest@57e1b0c]" name="addNewPageItem" duration-ms="43771" started-at="2018-01-06T16:42:00Z" finished-at="2018-01-06T16:42:43Z">
          <reporter-output>
            <line>
              <![CDATA["mafia@mafia.com" was typed to email field]]>
            </line>
            <line>
              <![CDATA["123456" was typed to password field]]>
            </line>
            <line>
              <![CDATA[Login button was clicked]]>
            </line>
            <line>
              <![CDATA[Tab Pages was clicked]]>
            </line>
            <line>
              <![CDATA[Add item was clicked on AdminPagesPage]]>
            </line>
            <line>
              <![CDATA[Page name field filled with 'TestPageName']]>
            </line>
            <line>
              <![CDATA[Title field filled with 'TestPageTilte']]>
            </line>
            <line>
              <![CDATA[Slug field filled with '']]>
            </line>
            <line>
              <![CDATA[Metatitle field filled with 'TestPageMetaTitle']]>
            </line>
            <line>
              <![CDATA[Social Metatitle field filled with 'TestPageSocialTitle']]>
            </line>
            <line>
              <![CDATA[Meta description field filled with 'TestPageMetaDescriptiom']]>
            </line>
            <line>
              <![CDATA[Social meta description field filled with 'TestPageSocialMetaDescription']]>
            </line>
            <line>
              <![CDATA[Metakeywords field filled with 'TestPageMetaKeywords']]>
            </line>
            <line>
              <![CDATA[Rus tab has been clicked]]>
            </line>
            <line>
              <![CDATA[Rus title field filled with 'TestPageRusPageTitle']]>
            </line>
            <line>
              <![CDATA[Rus meta title field filled with 'TestPageRusMetaTitle']]>
            </line>
            <line>
              <![CDATA[Rus social meta title field filled with 'TestPageRusSocialMetaTitle']]>
            </line>
            <line>
              <![CDATA[Rus meta description field filled with 'TestPageRusMetaDescription']]>
            </line>
            <line>
              <![CDATA[Rus social meta description field filled with 'TestPageRusSocialMetaDescription']]>
            </line>
            <line>
              <![CDATA[Rus meta keywords field filled with 'TestPageRusMetaKeywords']]>
            </line>
            <line>
              <![CDATA[Trying to click submit button]]>
            </line>
            <line>
              <![CDATA[Submit button was clicked]]>
            </line>
            <line>
              <![CDATA[Button 'Open' was clicked for page TestPageName]]>
            </line>
            <line>
              <![CDATA[Tab Pages was clicked]]>
            </line>
            <line>
              <![CDATA[Item TestPageName has been deleted]]>
            </line>
            <line>
              <![CDATA[--------Finishing "addNewPageItem" test---------]]>
            </line>
          </reporter-output>
        </test-method> <!-- addNewPageItem -->
        <test-method status="PASS" signature="saveScreenshot(org.testng.ITestResult)[pri:0, instance:ru.st.selenium.testSuites.backEndTestSuite.AddPageItemTest@57e1b0c]" name="saveScreenshot" is-config="true" duration-ms="9" started-at="2018-01-06T16:42:43Z" finished-at="2018-01-06T16:42:43Z">
          <params>
            <param index="0">
              <value>
                <![CDATA[[TestResult name=addNewPageItem status=SUCCESS method=AddPageItemTest.addNewPageItem()[pri:0, instance:ru.st.selenium.testSuites.backEndTestSuite.AddPageItemTest@57e1b0c] output="mafia@mafia.com" was typed to email field]]]>
              </value>
            </param>
          </params>
          <reporter-output>
          </reporter-output>
        </test-method> <!-- saveScreenshot -->
        <test-method status="PASS" signature="stop()[pri:0, instance:ru.st.selenium.testSuites.backEndTestSuite.AddPageItemTest@57e1b0c]" name="stop" is-config="true" duration-ms="1703" started-at="2018-01-06T16:42:43Z" finished-at="2018-01-06T16:42:45Z">
          <reporter-output>
          </reporter-output>
        </test-method> <!-- stop -->
      </class> <!-- ru.st.selenium.testSuites.backEndTestSuite.AddPageItemTest -->
    </test> <!-- Add page items -->
    <test name="Add tournament items" duration-ms="83048" started-at="2018-01-07T00:42:45Z" finished-at="2018-01-07T00:44:08Z">
      <class name="ru.st.selenium.testSuites.backEndTestSuite.AddNewTournamentItem">
        <test-method status="PASS" signature="init()[pri:0, instance:ru.st.selenium.testSuites.backEndTestSuite.AddNewTournamentItem@7a1ebcd8]" name="init" is-config="true" duration-ms="14947" started-at="2018-01-06T16:42:45Z" finished-at="2018-01-06T16:43:00Z">
          <reporter-output>
          </reporter-output>
        </test-method> <!-- init -->
        <test-method status="PASS" signature="addNewNewsItem()[pri:0, instance:ru.st.selenium.testSuites.backEndTestSuite.AddNewTournamentItem@7a1ebcd8]" name="addNewNewsItem" duration-ms="66571" started-at="2018-01-06T16:43:00Z" finished-at="2018-01-06T16:44:07Z">
          <reporter-output>
            <line>
              <![CDATA["mafia@mafia.com" was typed to email field]]>
            </line>
            <line>
              <![CDATA["123456" was typed to password field]]>
            </line>
            <line>
              <![CDATA[Login button was clicked]]>
            </line>
            <line>
              <![CDATA[Tab Tournaments was clicked]]>
            </line>
            <line>
              <![CDATA[Add item was clicked on AdminTournamentsPage]]>
            </line>
            <line>
              <![CDATA[File C:\mafPortalAutomation\src\main\resources\uploads\test.png was added]]>
            </line>
            <line>
              <![CDATA[Trying to click submit button]]>
            </line>
            <line>
              <![CDATA[Submit button was clicked]]>
            </line>
            <line>
              <![CDATA[Tab Tournaments was clicked]]>
            </line>
            <line>
              <![CDATA[Item TestTournamentRusPageTitle has been deleted]]>
            </line>
            <line>
              <![CDATA[--------Finishing "addNewNewsItem" test---------]]>
            </line>
          </reporter-output>
        </test-method> <!-- addNewNewsItem -->
        <test-method status="PASS" signature="saveScreenshot(org.testng.ITestResult)[pri:0, instance:ru.st.selenium.testSuites.backEndTestSuite.AddNewTournamentItem@7a1ebcd8]" name="saveScreenshot" is-config="true" duration-ms="1" started-at="2018-01-06T16:44:07Z" finished-at="2018-01-06T16:44:07Z">
          <params>
            <param index="0">
              <value>
                <![CDATA[[TestResult name=addNewNewsItem status=SUCCESS method=AddNewTournamentItem.addNewNewsItem()[pri:0, instance:ru.st.selenium.testSuites.backEndTestSuite.AddNewTournamentItem@7a1ebcd8] output="mafia@mafia.com" was typed to email field]]]>
              </value>
            </param>
          </params>
          <reporter-output>
          </reporter-output>
        </test-method> <!-- saveScreenshot -->
        <test-method status="PASS" signature="stop()[pri:0, instance:ru.st.selenium.testSuites.backEndTestSuite.AddNewTournamentItem@7a1ebcd8]" name="stop" is-config="true" duration-ms="1526" started-at="2018-01-06T16:44:07Z" finished-at="2018-01-06T16:44:08Z">
          <reporter-output>
          </reporter-output>
        </test-method> <!-- stop -->
      </class> <!-- ru.st.selenium.testSuites.backEndTestSuite.AddNewTournamentItem -->
    </test> <!-- Add tournament items -->
    <test name="Add product items" duration-ms="58150" started-at="2018-01-07T00:44:08Z" finished-at="2018-01-07T00:45:06Z">
      <class name="ru.st.selenium.testSuites.backEndTestSuite.AddNewProductItem">
        <test-method status="PASS" signature="init()[pri:0, instance:ru.st.selenium.testSuites.backEndTestSuite.AddNewProductItem@33c7e1bb]" name="init" is-config="true" duration-ms="11677" started-at="2018-01-06T16:44:08Z" finished-at="2018-01-06T16:44:20Z">
          <reporter-output>
          </reporter-output>
        </test-method> <!-- init -->
        <test-method status="PASS" signature="addNewNewsItem()[pri:0, instance:ru.st.selenium.testSuites.backEndTestSuite.AddNewProductItem@33c7e1bb]" name="addNewNewsItem" duration-ms="44859" started-at="2018-01-06T16:44:20Z" finished-at="2018-01-06T16:45:05Z">
          <reporter-output>
            <line>
              <![CDATA["mafia@mafia.com" was typed to email field]]>
            </line>
            <line>
              <![CDATA["123456" was typed to password field]]>
            </line>
            <line>
              <![CDATA[Login button was clicked]]>
            </line>
            <line>
              <![CDATA[Tab Shop was clicked]]>
            </line>
            <line>
              <![CDATA[Tab Products was clicked]]>
            </line>
            <line>
              <![CDATA[Add item was clicked on AdminProductsPage]]>
            </line>
            <line>
              <![CDATA[Trying to click submit button]]>
            </line>
            <line>
              <![CDATA[Submit button was clicked]]>
            </line>
            <line>
              <![CDATA[Tab Shop was clicked]]>
            </line>
            <line>
              <![CDATA[Tab Products was clicked]]>
            </line>
            <line>
              <![CDATA[Item TestProductTitle has been deleted]]>
            </line>
            <line>
              <![CDATA[--------Finishing "addNewNewsItem" test---------]]>
            </line>
          </reporter-output>
        </test-method> <!-- addNewNewsItem -->
        <test-method status="PASS" signature="saveScreenshot(org.testng.ITestResult)[pri:0, instance:ru.st.selenium.testSuites.backEndTestSuite.AddNewProductItem@33c7e1bb]" name="saveScreenshot" is-config="true" duration-ms="1" started-at="2018-01-06T16:45:05Z" finished-at="2018-01-06T16:45:05Z">
          <params>
            <param index="0">
              <value>
                <![CDATA[[TestResult name=addNewNewsItem status=SUCCESS method=AddNewProductItem.addNewNewsItem()[pri:0, instance:ru.st.selenium.testSuites.backEndTestSuite.AddNewProductItem@33c7e1bb] output="mafia@mafia.com" was typed to email field]]]>
              </value>
            </param>
          </params>
          <reporter-output>
          </reporter-output>
        </test-method> <!-- saveScreenshot -->
        <test-method status="PASS" signature="stop()[pri:0, instance:ru.st.selenium.testSuites.backEndTestSuite.AddNewProductItem@33c7e1bb]" name="stop" is-config="true" duration-ms="1611" started-at="2018-01-06T16:45:05Z" finished-at="2018-01-06T16:45:06Z">
          <reporter-output>
          </reporter-output>
        </test-method> <!-- stop -->
      </class> <!-- ru.st.selenium.testSuites.backEndTestSuite.AddNewProductItem -->
    </test> <!-- Add product items -->
    <test name="Add photo gallery items" duration-ms="60610" started-at="2018-01-07T00:45:06Z" finished-at="2018-01-07T00:46:07Z">
      <class name="ru.st.selenium.testSuites.backEndTestSuite.AddNewPhotoGallery">
        <test-method status="PASS" signature="init()[pri:0, instance:ru.st.selenium.testSuites.backEndTestSuite.AddNewPhotoGallery@78e67e0a]" name="init" is-config="true" duration-ms="11079" started-at="2018-01-06T16:45:06Z" finished-at="2018-01-06T16:45:18Z">
          <reporter-output>
          </reporter-output>
        </test-method> <!-- init -->
        <test-method status="PASS" signature="addNewPhotoGallery()[pri:0, instance:ru.st.selenium.testSuites.backEndTestSuite.AddNewPhotoGallery@78e67e0a]" name="addNewPhotoGallery" duration-ms="47933" started-at="2018-01-06T16:45:18Z" finished-at="2018-01-06T16:46:05Z">
          <reporter-output>
            <line>
              <![CDATA["mafia@mafia.com" was typed to email field]]>
            </line>
            <line>
              <![CDATA["123456" was typed to password field]]>
            </line>
            <line>
              <![CDATA[Login button was clicked]]>
            </line>
            <line>
              <![CDATA[Tab Gallery was clicked]]>
            </line>
            <line>
              <![CDATA[Tab Photo was clicked]]>
            </line>
            <line>
              <![CDATA[Add item was clicked on AdminPhotoPage]]>
            </line>
            <line>
              <![CDATA[Title field filled with 'TestPhotoGalleryTitle']]>
            </line>
            <line>
              <![CDATA[Rus title field filled with 'Фото галерея тестовое название']]>
            </line>
            <line>
              <![CDATA[Slug field filled with '']]>
            </line>
            <line>
              <![CDATA[Club 'Los Angeles' in select field was chosen]]>
            </line>
            <line>
              <![CDATA[Tournament '15-й Чемпионат Мира в Ереване' in select field was chosen]]>
            </line>
            <line>
              <![CDATA[Trying to click submit button]]>
            </line>
            <line>
              <![CDATA[Submit button was clicked]]>
            </line>
            <line>
              <![CDATA[Tab Gallery was clicked]]>
            </line>
            <line>
              <![CDATA[Tab Photo was clicked]]>
            </line>
            <line>
              <![CDATA[Item Фото галерея тестовое название has been deleted]]>
            </line>
            <line>
              <![CDATA[--------Finishing "addNewPhotoGallery" test---------]]>
            </line>
          </reporter-output>
        </test-method> <!-- addNewPhotoGallery -->
        <test-method status="PASS" signature="saveScreenshot(org.testng.ITestResult)[pri:0, instance:ru.st.selenium.testSuites.backEndTestSuite.AddNewPhotoGallery@78e67e0a]" name="saveScreenshot" is-config="true" duration-ms="1" started-at="2018-01-06T16:46:05Z" finished-at="2018-01-06T16:46:05Z">
          <params>
            <param index="0">
              <value>
                <![CDATA[[TestResult name=addNewPhotoGallery status=SUCCESS method=AddNewPhotoGallery.addNewPhotoGallery()[pri:0, instance:ru.st.selenium.testSuites.backEndTestSuite.AddNewPhotoGallery@78e67e0a] output="mafia@mafia.com" was typed to email field]]]>
              </value>
            </param>
          </params>
          <reporter-output>
          </reporter-output>
        </test-method> <!-- saveScreenshot -->
        <test-method status="PASS" signature="stop()[pri:0, instance:ru.st.selenium.testSuites.backEndTestSuite.AddNewPhotoGallery@78e67e0a]" name="stop" is-config="true" duration-ms="1595" started-at="2018-01-06T16:46:05Z" finished-at="2018-01-06T16:46:07Z">
          <reporter-output>
          </reporter-output>
        </test-method> <!-- stop -->
      </class> <!-- ru.st.selenium.testSuites.backEndTestSuite.AddNewPhotoGallery -->
    </test> <!-- Add photo gallery items -->
    <test name="Add video gallery items" duration-ms="43590" started-at="2018-01-07T00:46:07Z" finished-at="2018-01-07T00:46:51Z">
      <class name="ru.st.selenium.testSuites.backEndTestSuite.AddNewVideoGallery">
        <test-method status="PASS" signature="init()[pri:0, instance:ru.st.selenium.testSuites.backEndTestSuite.AddNewVideoGallery@480bdb19]" name="init" is-config="true" duration-ms="11611" started-at="2018-01-06T16:46:07Z" finished-at="2018-01-06T16:46:19Z">
          <reporter-output>
          </reporter-output>
        </test-method> <!-- init -->
        <test-method status="FAIL" signature="addNewVideoGallery()[pri:0, instance:ru.st.selenium.testSuites.backEndTestSuite.AddNewVideoGallery@480bdb19]" name="addNewVideoGallery" duration-ms="30146" started-at="2018-01-06T16:46:19Z" finished-at="2018-01-06T16:46:49Z">
          <exception class="org.openqa.selenium.NoSuchElementException">
            <message>
              <![CDATA[no such element: Unable to locate element: {"method":"xpath","selector":"//span[@class = 'logo-lg']"}
  (Session info: chrome=63.0.3239.132)
  (Driver info: chromedriver=2.33.506120 (e3e53437346286c0bc2d2dc9aa4915ba81d9023f),platform=Windows NT 6.3.9600 x86_64) (WARNING: The server did not provide any stacktrace information)
Command duration or timeout: 27 milliseconds
For documentation on this error, please visit: http://seleniumhq.org/exceptions/no_such_element.html
Build info: version: '2.31.0', revision: '1bd294d185a80fa4206dfeab80ba773c04ac33c0', time: '2013-02-27 13:51:26'
System info: os.name: 'Windows 8.1', os.arch: 'amd64', os.version: '6.3', java.version: '1.8.0_151'
Driver info: org.openqa.selenium.chrome.ChromeDriver
Capabilities [{applicationCacheEnabled=false, rotatable=false, mobileEmulationEnabled=false, networkConnectionEnabled=false, chrome={chromedriverVersion=2.33.506120 (e3e53437346286c0bc2d2dc9aa4915ba81d9023f), userDataDir=C:\Users\Anton89\AppData\Local\Temp\scoped_dir10828_6881}, takesHeapSnapshot=true, pageLoadStrategy=normal, databaseEnabled=false, handlesAlerts=true, hasTouchScreen=false, version=63.0.3239.132, platform=XP, browserConnectionEnabled=false, nativeEvents=true, acceptSslCerts=true, locationContextEnabled=true, webStorageEnabled=true, browserName=chrome, takesScreenshot=true, javascriptEnabled=true, cssSelectorsEnabled=true, setWindowRect=true, unexpectedAlertBehaviour=}]
Session ID: 9ccd23cccb522a7c3656d6851e9b7610]]>
            </message>
            <full-stacktrace>
              <![CDATA[org.openqa.selenium.NoSuchElementException: no such element: Unable to locate element: {"method":"xpath","selector":"//span[@class = 'logo-lg']"}
  (Session info: chrome=63.0.3239.132)
  (Driver info: chromedriver=2.33.506120 (e3e53437346286c0bc2d2dc9aa4915ba81d9023f),platform=Windows NT 6.3.9600 x86_64) (WARNING: The server did not provide any stacktrace information)
Command duration or timeout: 27 milliseconds
For documentation on this error, please visit: http://seleniumhq.org/exceptions/no_such_element.html
Build info: version: '2.31.0', revision: '1bd294d185a80fa4206dfeab80ba773c04ac33c0', time: '2013-02-27 13:51:26'
System info: os.name: 'Windows 8.1', os.arch: 'amd64', os.version: '6.3', java.version: '1.8.0_151'
Driver info: org.openqa.selenium.chrome.ChromeDriver
Capabilities [{applicationCacheEnabled=false, rotatable=false, mobileEmulationEnabled=false, networkConnectionEnabled=false, chrome={chromedriverVersion=2.33.506120 (e3e53437346286c0bc2d2dc9aa4915ba81d9023f), userDataDir=C:\Users\Anton89\AppData\Local\Temp\scoped_dir10828_6881}, takesHeapSnapshot=true, pageLoadStrategy=normal, databaseEnabled=false, handlesAlerts=true, hasTouchScreen=false, version=63.0.3239.132, platform=XP, browserConnectionEnabled=false, nativeEvents=true, acceptSslCerts=true, locationContextEnabled=true, webStorageEnabled=true, browserName=chrome, takesScreenshot=true, javascriptEnabled=true, cssSelectorsEnabled=true, setWindowRect=true, unexpectedAlertBehaviour=}]
Session ID: 9ccd23cccb522a7c3656d6851e9b7610
	at sun.reflect.GeneratedConstructorAccessor19.newInstance(Unknown Source)
	at sun.reflect.DelegatingConstructorAccessorImpl.newInstance(DelegatingConstructorAccessorImpl.java:45)
	at java.lang.reflect.Constructor.newInstance(Constructor.java:423)
	at org.openqa.selenium.remote.ErrorHandler.createThrowable(ErrorHandler.java:187)
	at org.openqa.selenium.remote.ErrorHandler.throwIfResponseFailed(ErrorHandler.java:145)
	at org.openqa.selenium.remote.RemoteWebDriver.execute(RemoteWebDriver.java:554)
	at org.openqa.selenium.remote.RemoteWebDriver.findElement(RemoteWebDriver.java:307)
	at org.openqa.selenium.remote.RemoteWebDriver.findElementByXPath(RemoteWebDriver.java:404)
	at org.openqa.selenium.By$ByXPath.findElement(By.java:344)
	at org.openqa.selenium.remote.RemoteWebDriver.findElement(RemoteWebDriver.java:299)
	at ru.st.selenium.pages.AdminInternalPage.clickLogo(AdminInternalPage.java:71)
	at ru.st.selenium.testSuites.backEndTestSuite.AddNewVideoGallery.addNewVideoGallery(AddNewVideoGallery.java:28)
	at sun.reflect.NativeMethodAccessorImpl.invoke0(Native Method)
	at sun.reflect.NativeMethodAccessorImpl.invoke(NativeMethodAccessorImpl.java:62)
	at sun.reflect.DelegatingMethodAccessorImpl.invoke(DelegatingMethodAccessorImpl.java:43)
	at java.lang.reflect.Method.invoke(Method.java:498)
	at org.testng.internal.MethodInvocationHelper.invokeMethod(MethodInvocationHelper.java:80)
	at org.testng.internal.Invoker.invokeMethod(Invoker.java:714)
	at org.testng.internal.Invoker.invokeTestMethod(Invoker.java:901)
	at org.testng.internal.Invoker.invokeTestMethods(Invoker.java:1231)
	at org.testng.internal.TestMethodWorker.invokeTestMethods(TestMethodWorker.java:127)
	at org.testng.internal.TestMethodWorker.run(TestMethodWorker.java:111)
	at org.testng.TestRunner.privateRun(TestRunner.java:767)
	at org.testng.TestRunner.run(TestRunner.java:617)
	at org.testng.SuiteRunner.runTest(SuiteRunner.java:334)
	at org.testng.SuiteRunner.runSequentially(SuiteRunner.java:329)
	at org.testng.SuiteRunner.privateRun(SuiteRunner.java:291)
	at org.testng.SuiteRunner.run(SuiteRunner.java:240)
	at org.testng.SuiteRunnerWorker.runSuite(SuiteRunnerWorker.java:52)
	at org.testng.SuiteRunnerWorker.run(SuiteRunnerWorker.java:86)
	at org.testng.TestNG.runSuitesSequentially(TestNG.java:1198)
	at org.testng.TestNG.runSuitesLocally(TestNG.java:1123)
	at org.testng.TestNG.run(TestNG.java:1031)
	at org.apache.maven.surefire.testng.TestNGExecutor.run(TestNGExecutor.java:178)
	at org.apache.maven.surefire.testng.TestNGXmlTestSuite.execute(TestNGXmlTestSuite.java:92)
	at org.apache.maven.surefire.testng.TestNGProvider.invoke(TestNGProvider.java:96)
	at sun.reflect.NativeMethodAccessorImpl.invoke0(Native Method)
	at sun.reflect.NativeMethodAccessorImpl.invoke(NativeMethodAccessorImpl.java:62)
	at sun.reflect.DelegatingMethodAccessorImpl.invoke(DelegatingMethodAccessorImpl.java:43)
	at java.lang.reflect.Method.invoke(Method.java:498)
	at org.apache.maven.surefire.util.ReflectionUtils.invokeMethodWithArray(ReflectionUtils.java:189)
	at org.apache.maven.surefire.booter.ProviderFactory$ProviderProxy.invoke(ProviderFactory.java:165)
	at org.apache.maven.surefire.booter.ProviderFactory.invokeProvider(ProviderFactory.java:85)
	at org.apache.maven.surefire.booter.ForkedBooter.runSuitesInProcess(ForkedBooter.java:115)
	at org.apache.maven.surefire.booter.ForkedBooter.main(ForkedBooter.java:75)
]]>
            </full-stacktrace>
          </exception> <!-- org.openqa.selenium.NoSuchElementException -->
          <reporter-output>
            <line>
              <![CDATA["mafia@mafia.com" was typed to email field]]>
            </line>
            <line>
              <![CDATA["123456" was typed to password field]]>
            </line>
            <line>
              <![CDATA[Login button was clicked]]>
            </line>
            <line>
              <![CDATA[Tab Gallery was clicked]]>
            </line>
            <line>
              <![CDATA[Tab Video was clicked]]>
            </line>
            <line>
              <![CDATA[Add item was clicked on AdminVideoGalleryPage]]>
            </line>
            <line>
              <![CDATA[Title field filled with 'TestVideoGalleryTitle']]>
            </line>
            <line>
              <![CDATA[Rus title field filled with 'Видео галерея тестовое название']]>
            </line>
            <line>
              <![CDATA[Club 'Los Angeles' in select field was chosen]]>
            </line>
            <line>
              <![CDATA[Tournament '15-й Чемпионат Мира в Ереване' in select field was chosen]]>
            </line>
            <line>
              <![CDATA[Trying to click submit button]]>
            </line>
            <line>
              <![CDATA[Submit button was clicked]]>
            </line>
          </reporter-output>
        </test-method> <!-- addNewVideoGallery -->
        <test-method status="PASS" signature="saveScreenshot(org.testng.ITestResult)[pri:0, instance:ru.st.selenium.testSuites.backEndTestSuite.AddNewVideoGallery@480bdb19]" name="saveScreenshot" is-config="true" duration-ms="351" started-at="2018-01-06T16:46:49Z" finished-at="2018-01-06T16:46:49Z">
          <params>
            <param index="0">
              <value>
                <![CDATA[[TestResult name=addNewVideoGallery status=FAILURE method=AddNewVideoGallery.addNewVideoGallery()[pri:0, instance:ru.st.selenium.testSuites.backEndTestSuite.AddNewVideoGallery@480bdb19] output="mafia@mafia.com" was typed to email field]]]>
              </value>
            </param>
          </params>
          <reporter-output>
            <line>
              <![CDATA[<p><br><br>Bug in test "AddNewVideoGallery"<br><img width="1024" src = file:///C:\mafPortalAutomation\target\surefire-reports\FailedTestsScreenshots\06.01.2018_16-46-49\AddNewVideoGallery.jpg> </p></a><br/>]]>
            </line>
          </reporter-output>
        </test-method> <!-- saveScreenshot -->
        <test-method status="PASS" signature="stop()[pri:0, instance:ru.st.selenium.testSuites.backEndTestSuite.AddNewVideoGallery@480bdb19]" name="stop" is-config="true" duration-ms="1479" started-at="2018-01-06T16:46:49Z" finished-at="2018-01-06T16:46:51Z">
          <reporter-output>
          </reporter-output>
        </test-method> <!-- stop -->
      </class> <!-- ru.st.selenium.testSuites.backEndTestSuite.AddNewVideoGallery -->
    </test> <!-- Add video gallery items -->
    <test name="Upload images test" duration-ms="41716" started-at="2018-01-07T00:46:51Z" finished-at="2018-01-07T00:47:32Z">
      <class name="ru.st.selenium.testSuites.backEndTestSuite.UploadingPhoto">
        <test-method status="PASS" signature="init()[pri:0, instance:ru.st.selenium.testSuites.backEndTestSuite.UploadingPhoto@4d50efb8]" name="init" is-config="true" duration-ms="10875" started-at="2018-01-06T16:46:51Z" finished-at="2018-01-06T16:47:02Z">
          <reporter-output>
          </reporter-output>
        </test-method> <!-- init -->
        <test-method status="PASS" signature="adminAccountEntryWithExistingUser()[pri:0, instance:ru.st.selenium.testSuites.backEndTestSuite.UploadingPhoto@4d50efb8]" name="adminAccountEntryWithExistingUser" duration-ms="29320" started-at="2018-01-06T16:47:02Z" finished-at="2018-01-06T16:47:31Z">
          <reporter-output>
            <line>
              <![CDATA["mafia@mafia.com" was typed to email field]]>
            </line>
            <line>
              <![CDATA["123456" was typed to password field]]>
            </line>
            <line>
              <![CDATA[Login button was clicked]]>
            </line>
            <line>
              <![CDATA[Tab Gallery was clicked]]>
            </line>
            <line>
              <![CDATA[Tab Photo was clicked]]>
            </line>
            <line>
              <![CDATA[Add item was clicked on AdminPhotoPage]]>
            </line>
            <line>
              <![CDATA[File C:\mafPortalAutomation\src\main\resources\uploads\test.png was added]]>
            </line>
            <line>
              <![CDATA[File was added succsessfully]]>
            </line>
            <line>
              <![CDATA[--------Finishing "adminAccountEntryWithExistingUser" test---------]]>
            </line>
          </reporter-output>
        </test-method> <!-- adminAccountEntryWithExistingUser -->
        <test-method status="PASS" signature="stop()[pri:0, instance:ru.st.selenium.testSuites.backEndTestSuite.UploadingPhoto@4d50efb8]" name="stop" is-config="true" duration-ms="1519" started-at="2018-01-06T16:47:31Z" finished-at="2018-01-06T16:47:32Z">
          <reporter-output>
          </reporter-output>
        </test-method> <!-- stop -->
        <test-method status="PASS" signature="saveScreenshot(org.testng.ITestResult)[pri:0, instance:ru.st.selenium.testSuites.backEndTestSuite.UploadingPhoto@4d50efb8]" name="saveScreenshot" is-config="true" duration-ms="0" started-at="2018-01-06T16:47:31Z" finished-at="2018-01-06T16:47:31Z">
          <params>
            <param index="0">
              <value>
                <![CDATA[[TestResult name=adminAccountEntryWithExistingUser status=SUCCESS method=UploadingPhoto.adminAccountEntryWithExistingUser()[pri:0, instance:ru.st.selenium.testSuites.backEndTestSuite.UploadingPhoto@4d50efb8] output="mafia@mafia.com" was typed to email field]]]>
              </value>
            </param>
          </params>
          <reporter-output>
          </reporter-output>
        </test-method> <!-- saveScreenshot -->
      </class> <!-- ru.st.selenium.testSuites.backEndTestSuite.UploadingPhoto -->
    </test> <!-- Upload images test -->
  </suite> <!-- FrontEnd test suite -->
</testng-results>
